Using pre-set license
Built from '2022.3/staging' branch; Version is '2022.3.13f1 (5f90a5ebde0f) revision 6262949'; Using compiler version '192829333'; Build Type 'Release'
OS: 'Windows 11  (10.0.22631) 64bit Core' Language: 'it' Physical Memory: 32435 MB
BatchMode: 1, IsHumanControllingUs: 0, StartBugReporterOnCrash: 0, Is64bit: 1, IsPro: 1

COMMAND LINE ARGUMENTS:
C:\Program Files\Unity\Hub\Editor\2022.3.13f1\Editor\Unity.exe
-adb2
-batchMode
-noUpm
-name
AssetImportWorker4
-projectPath
C:/Users/pedal/Original_1/GameLab4_BugOrFeature
-logFile
Logs/AssetImportWorker4.log
-srvPort
51472
Successfully changed project path to: C:/Users/pedal/Original_1/GameLab4_BugOrFeature
C:/Users/pedal/Original_1/GameLab4_BugOrFeature
[UnityMemory] Configuration Parameters - Can be set up in boot.config
    "memorysetup-bucket-allocator-granularity=16"
    "memorysetup-bucket-allocator-bucket-count=8"
    "memorysetup-bucket-allocator-block-size=33554432"
    "memorysetup-bucket-allocator-block-count=8"
    "memorysetup-main-allocator-block-size=16777216"
    "memorysetup-thread-allocator-block-size=16777216"
    "memorysetup-gfx-main-allocator-block-size=16777216"
    "memorysetup-gfx-thread-allocator-block-size=16777216"
    "memorysetup-cache-allocator-block-size=4194304"
    "memorysetup-typetree-allocator-block-size=2097152"
    "memorysetup-profiler-bucket-allocator-granularity=16"
    "memorysetup-profiler-bucket-allocator-bucket-count=8"
    "memorysetup-profiler-bucket-allocator-block-size=33554432"
    "memorysetup-profiler-bucket-allocator-block-count=8"
    "memorysetup-profiler-allocator-block-size=16777216"
    "memorysetup-profiler-editor-allocator-block-size=1048576"
    "memorysetup-temp-allocator-size-main=16777216"
    "memorysetup-job-temp-allocator-block-size=2097152"
    "memorysetup-job-temp-allocator-block-size-background=1048576"
    "memorysetup-job-temp-allocator-reduction-small-platforms=262144"
    "memorysetup-allocator-temp-initial-block-size-main=262144"
    "memorysetup-allocator-temp-initial-block-size-worker=262144"
    "memorysetup-temp-allocator-size-background-worker=32768"
    "memorysetup-temp-allocator-size-job-worker=262144"
    "memorysetup-temp-allocator-size-preload-manager=33554432"
    "memorysetup-temp-allocator-size-nav-mesh-worker=65536"
    "memorysetup-temp-allocator-size-audio-worker=65536"
    "memorysetup-temp-allocator-size-cloud-worker=32768"
    "memorysetup-temp-allocator-size-gi-baking-worker=262144"
    "memorysetup-temp-allocator-size-gfx=262144"
Player connection [12876] Host "[IP] 192.168.1.4 [Port] 0 [Flags] 2 [Guid] 1673450101 [EditorId] 1673450101 [Version] 1048832 [Id] WindowsEditor(7,Zeno) [Debug] 1 [PackageName] WindowsEditor [ProjectName] Editor" joined multi-casting on [225.0.0.222:54997]...

Player connection [12876] Host "[IP] 192.168.1.4 [Port] 0 [Flags] 2 [Guid] 1673450101 [EditorId] 1673450101 [Version] 1048832 [Id] WindowsEditor(7,Zeno) [Debug] 1 [PackageName] WindowsEditor [ProjectName] Editor" joined alternative multi-casting on [225.0.0.222:34997]...

[Physics::Module] Initialized MultithreadedJobDispatcher with 23 workers.
Refreshing native plugins compatible for Editor in 110.41 ms, found 3 plugins.
Preloading 0 native plugins for Editor in 0.00 ms.
Initialize engine version: 2022.3.13f1 (5f90a5ebde0f)
[Subsystems] Discovering subsystems at path C:/Program Files/Unity/Hub/Editor/2022.3.13f1/Editor/Data/Resources/UnitySubsystems
[Subsystems] Discovering subsystems at path C:/Users/pedal/Original_1/GameLab4_BugOrFeature/Assets
GfxDevice: creating device client; threaded=0; jobified=0
Direct3D:
    Version:  Direct3D 11.0 [level 11.1]
    Renderer: NVIDIA GeForce RTX 3080 Ti Laptop GPU (ID=0x2460)
    Vendor:   NVIDIA
    VRAM:     16189 MB
    Driver:   31.0.15.4626
Initialize mono
Mono path[0] = 'C:/Program Files/Unity/Hub/Editor/2022.3.13f1/Editor/Data/Managed'
Mono path[1] = 'C:/Program Files/Unity/Hub/Editor/2022.3.13f1/Editor/Data/MonoBleedingEdge/lib/mono/unityjit-win32'
Mono config path = 'C:/Program Files/Unity/Hub/Editor/2022.3.13f1/Editor/Data/MonoBleedingEdge/etc'
Using monoOptions --debugger-agent=transport=dt_socket,embedding=1,server=y,suspend=n,address=127.0.0.1:56620
Begin MonoManager ReloadAssembly
Registering precompiled unity dll's ...
Register platform support module: C:/Program Files/Unity/Hub/Editor/2022.3.13f1/Editor/Data/PlaybackEngines/WindowsStandaloneSupport/UnityEditor.WindowsStandalone.Extensions.dll
Registered in 0.008531 seconds.
- Loaded All Assemblies, in  1.258 seconds
Native extension for WindowsStandalone target not found
Mono: successfully reloaded assembly
- Finished resetting the current domain, in  0.251 seconds
Domain Reload Profiling: 1508ms
	BeginReloadAssembly (119ms)
		ExecutionOrderSort (0ms)
		DisableScriptedObjects (0ms)
		BackupInstance (0ms)
		ReleaseScriptingObjects (0ms)
		CreateAndSetChildDomain (1ms)
	RebuildCommonClasses (302ms)
	RebuildNativeTypeToScriptingClass (10ms)
	initialDomainReloadingComplete (64ms)
	LoadAllAssembliesAndSetupDomain (761ms)
		LoadAssemblies (117ms)
		RebuildTransferFunctionScriptingTraits (0ms)
		AnalyzeDomain (759ms)
			TypeCache.Refresh (757ms)
				TypeCache.ScanAssembly (742ms)
			ScanForSourceGeneratedMonoScriptInfo (0ms)
			ResolveRequiredComponents (1ms)
	FinalizeReload (252ms)
		ReleaseScriptCaches (0ms)
		RebuildScriptCaches (0ms)
		SetupLoadedEditorAssemblies (195ms)
			LogAssemblyErrors (0ms)
			InitializePlatformSupportModulesInManaged (10ms)
			SetLoadedEditorAssemblies (9ms)
			RefreshPlugins (0ms)
			BeforeProcessingInitializeOnLoad (2ms)
			ProcessInitializeOnLoadAttributes (126ms)
			ProcessInitializeOnLoadMethodAttributes (48ms)
			AfterProcessingInitializeOnLoad (0ms)
			EditorAssembliesLoaded (0ms)
		ExecutionOrderSort2 (0ms)
		AwakeInstancesAfterBackupRestoration (0ms)
========================================================================
Worker process is ready to serve import requests
Begin MonoManager ReloadAssembly
- Loaded All Assemblies, in  0.934 seconds
Refreshing native plugins compatible for Editor in 3.14 ms, found 3 plugins.
Native extension for WindowsStandalone target not found
Package Manager log level set to [2]
[Package Manager] Server::EnsureServerProcessIsRunning -- launch failed, reason: Unity was launched with the -noUpm command-line argument
[Package Manager] UpmClient::Send -- Unable to send message (not connected to UPM process).
[Package Manager] Cannot connect to Unity Package Manager local server
Mono: successfully reloaded assembly
- Finished resetting the current domain, in  0.721 seconds
Domain Reload Profiling: 1653ms
	BeginReloadAssembly (145ms)
		ExecutionOrderSort (0ms)
		DisableScriptedObjects (5ms)
		BackupInstance (0ms)
		ReleaseScriptingObjects (0ms)
		CreateAndSetChildDomain (20ms)
	RebuildCommonClasses (30ms)
	RebuildNativeTypeToScriptingClass (9ms)
	initialDomainReloadingComplete (40ms)
	LoadAllAssembliesAndSetupDomain (707ms)
		LoadAssemblies (516ms)
		RebuildTransferFunctionScriptingTraits (0ms)
		AnalyzeDomain (271ms)
			TypeCache.Refresh (246ms)
				TypeCache.ScanAssembly (145ms)
			ScanForSourceGeneratedMonoScriptInfo (19ms)
			ResolveRequiredComponents (5ms)
	FinalizeReload (722ms)
		ReleaseScriptCaches (0ms)
		RebuildScriptCaches (0ms)
		SetupLoadedEditorAssemblies (576ms)
			LogAssemblyErrors (0ms)
			InitializePlatformSupportModulesInManaged (8ms)
			SetLoadedEditorAssemblies (4ms)
			RefreshPlugins (0ms)
			BeforeProcessingInitializeOnLoad (106ms)
			ProcessInitializeOnLoadAttributes (432ms)
			ProcessInitializeOnLoadMethodAttributes (19ms)
			AfterProcessingInitializeOnLoad (7ms)
			EditorAssembliesLoaded (0ms)
		ExecutionOrderSort2 (0ms)
		AwakeInstancesAfterBackupRestoration (7ms)
Launched and connected shader compiler UnityShaderCompiler.exe after 0.06 seconds
Refreshing native plugins compatible for Editor in 4.46 ms, found 3 plugins.
Preloading 0 native plugins for Editor in 0.00 ms.
Unloading 3661 Unused Serialized files (Serialized files now loaded: 0)
Unloading 52 unused Assets / (131.1 KB). Loaded Objects now: 4124.
Memory consumption went from 138.8 MB to 138.7 MB.
Total: 6.400200 ms (FindLiveObjects: 0.574200 ms CreateObjectMapping: 0.201600 ms MarkObjects: 5.425300 ms  DeleteObjects: 0.196900 ms)

AssetImportParameters requested are different than current active one (requested -> active):
  custom:container-demuxer-ogg: 62fdf1f143b41e24485cea50d1cbac27 -> 
  custom:video-codec-MediaFoundation-h265: 746d11721c4dcdbdad8f713fa42b33f4 -> 
  custom:video-decoder-ogg-theora: a1e56fd34408186e4bbccfd4996cb3dc -> 
  custom:framework-win-MediaFoundation: 216162199b28c13a410421893ffa2e32 -> 
  custom:CustomObjectIndexerAttribute: 756ad292c208cfabdd7b50bc23989ffe -> 
  custom:container-demuxer-webm: 4f35f7cbe854078d1ac9338744f61a02 -> 
  custom:container-muxer-webm: aa71ff27fc2769a1b78a27578f13a17b -> 
  custom:video-decoder-webm-vp8: 9c59270c3fd7afecdb556c50c9e8de78 -> 
  custom:SearchIndexIgnoredProperties: e643bd26f0fe6173181afceb89e7c659 -> 
  custom:AudioImporter_EditorPlatform: d09bf68614088b80899f8185d706f6e7 -> 
  custom:video-encoder-webm-vp8: eb34c28f22e8b96e1ab97ce403110664 -> 
  custom:audio-decoder-ogg-vorbis: bf7c407c2cedff20999df2af8eb42d56 -> 
  custom:audio-encoder-webm-vorbis: bf7c407c2cedff20999df2af8eb42d56 -> 
========================================================================
Received Import Request.
  Time since last request: 7020.801195 seconds.
  path: Assets/Contents/Textures/Menu/principale-esci-click.png
  artifactKey: Guid(0575990bd27b9b54bb8acea9f1645bef) Importer(815301076,1909f56bfc062723c751e8b465ee728b)
Start importing Assets/Contents/Textures/Menu/principale-esci-click.png using Guid(0575990bd27b9b54bb8acea9f1645bef) Importer(815301076,1909f56bfc062723c751e8b465ee728b)  -> (artifact id: '9313cd6aea46f1baf21b68159d66c5fd') in 0.271533 seconds
Number of updated asset objects reloaded before import = 0
Number of asset objects unloaded after import = 3
========================================================================
Received Import Request.
  Time since last request: 39.529170 seconds.
  path: Assets/Contents/Textures/Menu/Gioca-Hover.png
  artifactKey: Guid(5b83feaaff7eded448a992fdfcbc4d2f) Importer(815301076,1909f56bfc062723c751e8b465ee728b)
Start importing Assets/Contents/Textures/Menu/Gioca-Hover.png using Guid(5b83feaaff7eded448a992fdfcbc4d2f) Importer(815301076,1909f56bfc062723c751e8b465ee728b)  -> (artifact id: '3f6663dc98a70c60c4667f05d9f7ef96') in 0.049279 seconds
Number of updated asset objects reloaded before import = 0
Number of asset objects unloaded after import = 3
========================================================================
Received Import Request.
  Time since last request: 19.593450 seconds.
  path: Assets/Contents/Textures/Menu/Gioca-Click.png
  artifactKey: Guid(b09648b5db5183046b5791f82ee889d8) Importer(815301076,1909f56bfc062723c751e8b465ee728b)
Start importing Assets/Contents/Textures/Menu/Gioca-Click.png using Guid(b09648b5db5183046b5791f82ee889d8) Importer(815301076,1909f56bfc062723c751e8b465ee728b)  -> (artifact id: '88e1a1431be4cf3b099c979a13b17351') in 0.017567 seconds
Number of updated asset objects reloaded before import = 0
Number of asset objects unloaded after import = 3
========================================================================
Received Import Request.
  Time since last request: 31.059668 seconds.
  path: Assets/Contents/Textures/Menu/Gioca-Basic.png
  artifactKey: Guid(0dab44e591147e44abd8b2480aaa0d36) Importer(815301076,1909f56bfc062723c751e8b465ee728b)
Start importing Assets/Contents/Textures/Menu/Gioca-Basic.png using Guid(0dab44e591147e44abd8b2480aaa0d36) Importer(815301076,1909f56bfc062723c751e8b465ee728b)  -> (artifact id: '17722baad3045f8e895cc14d66be4a11') in 0.026602 seconds
Number of updated asset objects reloaded before import = 0
Number of asset objects unloaded after import = 3
========================================================================
Received Import Request.
  Time since last request: 647.879356 seconds.
  path: Assets/Contents/Textures/Menu/principale-gioca-neutrale.png
  artifactKey: Guid(bb76d292e6ebd3c45acdb4c9dc033f48) Importer(815301076,1909f56bfc062723c751e8b465ee728b)
Start importing Assets/Contents/Textures/Menu/principale-gioca-neutrale.png using Guid(bb76d292e6ebd3c45acdb4c9dc033f48) Importer(815301076,1909f56bfc062723c751e8b465ee728b)  -> (artifact id: 'f909af630b927bef478433851fb9ccf6') in 0.052858 seconds
Number of updated asset objects reloaded before import = 0
Number of asset objects unloaded after import = 2
========================================================================
Received Import Request.
  Time since last request: 43.436451 seconds.
  path: Assets/Contents/Textures/Menu/principale-gioca-neutrale.png
  artifactKey: Guid(bb76d292e6ebd3c45acdb4c9dc033f48) Importer(815301076,1909f56bfc062723c751e8b465ee728b)
Start importing Assets/Contents/Textures/Menu/principale-gioca-neutrale.png using Guid(bb76d292e6ebd3c45acdb4c9dc033f48) Importer(815301076,1909f56bfc062723c751e8b465ee728b)  -> (artifact id: 'b1e0d8a22ce6684b8dad0ffb5aeebbfa') in 0.059900 seconds
Number of updated asset objects reloaded before import = 0
Number of asset objects unloaded after import = 3
========================================================================
Received Import Request.
  Time since last request: 252.399066 seconds.
  path: Assets/Contents/Textures/Menu/Gioca-Normal.png
  artifactKey: Guid(bb76d292e6ebd3c45acdb4c9dc033f48) Importer(815301076,1909f56bfc062723c751e8b465ee728b)
Start importing Assets/Contents/Textures/Menu/Gioca-Normal.png using Guid(bb76d292e6ebd3c45acdb4c9dc033f48) Importer(815301076,1909f56bfc062723c751e8b465ee728b)  -> (artifact id: '7e9e93cc5f0a289591a1454c2b42a475') in 0.054106 seconds
Number of updated asset objects reloaded before import = 0
Number of asset objects unloaded after import = 3
========================================================================
Received Import Request.
  Time since last request: 20.862981 seconds.
  path: Assets/Contents/Textures/Menu/principale-gioca-click.png
  artifactKey: Guid(35e87366a23a5bd49b3f6084271975d6) Importer(815301076,1909f56bfc062723c751e8b465ee728b)
Start importing Assets/Contents/Textures/Menu/principale-gioca-click.png using Guid(35e87366a23a5bd49b3f6084271975d6) Importer(815301076,1909f56bfc062723c751e8b465ee728b)  -> (artifact id: 'e9654ff0194f695197769faa5fdb86a3') in 0.037012 seconds
Number of updated asset objects reloaded before import = 0
Number of asset objects unloaded after import = 2
========================================================================
Received Import Request.
  Time since last request: 7.208879 seconds.
  path: Assets/Contents/Textures/Menu/principale-gioca-click.png
  artifactKey: Guid(35e87366a23a5bd49b3f6084271975d6) Importer(815301076,1909f56bfc062723c751e8b465ee728b)
Start importing Assets/Contents/Textures/Menu/principale-gioca-click.png using Guid(35e87366a23a5bd49b3f6084271975d6) Importer(815301076,1909f56bfc062723c751e8b465ee728b)  -> (artifact id: '373ac4b06b87d4f279a195fb57ebc38e') in 0.060918 seconds
Number of updated asset objects reloaded before import = 0
Number of asset objects unloaded after import = 3
========================================================================
Received Import Request.
  Time since last request: 16.042356 seconds.
  path: Assets/Contents/Textures/Menu/Gioca-Hover.png
  artifactKey: Guid(e83f0e11b3eeaf84d8af0a7a988b7db6) Importer(815301076,1909f56bfc062723c751e8b465ee728b)
Start importing Assets/Contents/Textures/Menu/Gioca-Hover.png using Guid(e83f0e11b3eeaf84d8af0a7a988b7db6) Importer(815301076,1909f56bfc062723c751e8b465ee728b)  -> (artifact id: '5e2b22a87438e5a87b97464404526a4b') in 0.026265 seconds
Number of updated asset objects reloaded before import = 0
Number of asset objects unloaded after import = 3
========================================================================
Received Import Request.
  Time since last request: 10.466332 seconds.
  path: Assets/Contents/Textures/Menu/Gioca-Click.png
  artifactKey: Guid(35e87366a23a5bd49b3f6084271975d6) Importer(815301076,1909f56bfc062723c751e8b465ee728b)
Start importing Assets/Contents/Textures/Menu/Gioca-Click.png using Guid(35e87366a23a5bd49b3f6084271975d6) Importer(815301076,1909f56bfc062723c751e8b465ee728b)  -> (artifact id: '3927f68d0c43fe0bedce322ba3e47cbf') in 0.031504 seconds
Number of updated asset objects reloaded before import = 0
Number of asset objects unloaded after import = 3
========================================================================
Received Prepare
Begin MonoManager ReloadAssembly
- Loaded All Assemblies, in  0.451 seconds
Refreshing native plugins compatible for Editor in 3.09 ms, found 3 plugins.
Native extension for WindowsStandalone target not found
[Package Manager] Server::EnsureServerProcessIsRunning -- launch failed, reason: Unity was launched with the -noUpm command-line argument
[Package Manager] UpmClient::Send -- Unable to send message (not connected to UPM process).
[Package Manager] Cannot connect to Unity Package Manager local server
Mono: successfully reloaded assembly
- Finished resetting the current domain, in  1.033 seconds
Domain Reload Profiling: 1482ms
	BeginReloadAssembly (148ms)
		ExecutionOrderSort (0ms)
		DisableScriptedObjects (4ms)
		BackupInstance (0ms)
		ReleaseScriptingObjects (0ms)
		CreateAndSetChildDomain (35ms)
	RebuildCommonClasses (29ms)
	RebuildNativeTypeToScriptingClass (10ms)
	initialDomainReloadingComplete (28ms)
	LoadAllAssembliesAndSetupDomain (233ms)
		LoadAssemblies (296ms)
		RebuildTransferFunctionScriptingTraits (0ms)
		AnalyzeDomain (13ms)
			TypeCache.Refresh (6ms)
				TypeCache.ScanAssembly (0ms)
			ScanForSourceGeneratedMonoScriptInfo (0ms)
			ResolveRequiredComponents (6ms)
	FinalizeReload (1034ms)
		ReleaseScriptCaches (0ms)
		RebuildScriptCaches (0ms)
		SetupLoadedEditorAssemblies (581ms)
			LogAssemblyErrors (0ms)
			InitializePlatformSupportModulesInManaged (7ms)
			SetLoadedEditorAssemblies (6ms)
			RefreshPlugins (0ms)
			BeforeProcessingInitializeOnLoad (103ms)
			ProcessInitializeOnLoadAttributes (436ms)
			ProcessInitializeOnLoadMethodAttributes (22ms)
			AfterProcessingInitializeOnLoad (7ms)
			EditorAssembliesLoaded (0ms)
		ExecutionOrderSort2 (0ms)
		AwakeInstancesAfterBackupRestoration (6ms)
Refreshing native plugins compatible for Editor in 3.03 ms, found 3 plugins.
Preloading 0 native plugins for Editor in 0.00 ms.
Unloading 3639 Unused Serialized files (Serialized files now loaded: 0)
Unloading 25 unused Assets / (102.8 KB). Loaded Objects now: 4148.
Memory consumption went from 140.6 MB to 140.5 MB.
Total: 3.211800 ms (FindLiveObjects: 0.224800 ms CreateObjectMapping: 0.148800 ms MarkObjects: 2.774000 ms  DeleteObjects: 0.061900 ms)

Prepare: number of updated asset objects reloaded= 0
AssetImportParameters requested are different than current active one (requested -> active):
  custom:container-demuxer-ogg: 62fdf1f143b41e24485cea50d1cbac27 -> 
  custom:video-codec-MediaFoundation-h265: 746d11721c4dcdbdad8f713fa42b33f4 -> 
  custom:video-decoder-ogg-theora: a1e56fd34408186e4bbccfd4996cb3dc -> 
  custom:framework-win-MediaFoundation: 216162199b28c13a410421893ffa2e32 -> 
  custom:CustomObjectIndexerAttribute: 756ad292c208cfabdd7b50bc23989ffe -> 
  custom:container-demuxer-webm: 4f35f7cbe854078d1ac9338744f61a02 -> 
  custom:container-muxer-webm: aa71ff27fc2769a1b78a27578f13a17b -> 
  custom:video-decoder-webm-vp8: 9c59270c3fd7afecdb556c50c9e8de78 -> 
  custom:SearchIndexIgnoredProperties: e643bd26f0fe6173181afceb89e7c659 -> 
  custom:AudioImporter_EditorPlatform: d09bf68614088b80899f8185d706f6e7 -> 
  custom:video-encoder-webm-vp8: eb34c28f22e8b96e1ab97ce403110664 -> 
  custom:audio-decoder-ogg-vorbis: bf7c407c2cedff20999df2af8eb42d56 -> 
  custom:audio-encoder-webm-vorbis: bf7c407c2cedff20999df2af8eb42d56 -> 
========================================================================
Received Prepare
Begin MonoManager ReloadAssembly
- Loaded All Assemblies, in  0.439 seconds
Refreshing native plugins compatible for Editor in 2.98 ms, found 3 plugins.
Native extension for WindowsStandalone target not found
[Package Manager] Server::EnsureServerProcessIsRunning -- launch failed, reason: Unity was launched with the -noUpm command-line argument
[Package Manager] UpmClient::Send -- Unable to send message (not connected to UPM process).
[Package Manager] Cannot connect to Unity Package Manager local server
Mono: successfully reloaded assembly
- Finished resetting the current domain, in  1.049 seconds
Domain Reload Profiling: 1486ms
	BeginReloadAssembly (147ms)
		ExecutionOrderSort (0ms)
		DisableScriptedObjects (5ms)
		BackupInstance (0ms)
		ReleaseScriptingObjects (0ms)
		CreateAndSetChildDomain (30ms)
	RebuildCommonClasses (29ms)
	RebuildNativeTypeToScriptingClass (10ms)
	initialDomainReloadingComplete (28ms)
	LoadAllAssembliesAndSetupDomain (223ms)
		LoadAssemblies (285ms)
		RebuildTransferFunctionScriptingTraits (0ms)
		AnalyzeDomain (13ms)
			TypeCache.Refresh (6ms)
				TypeCache.ScanAssembly (0ms)
			ScanForSourceGeneratedMonoScriptInfo (0ms)
			ResolveRequiredComponents (5ms)
	FinalizeReload (1050ms)
		ReleaseScriptCaches (0ms)
		RebuildScriptCaches (0ms)
		SetupLoadedEditorAssemblies (589ms)
			LogAssemblyErrors (0ms)
			InitializePlatformSupportModulesInManaged (8ms)
			SetLoadedEditorAssemblies (7ms)
			RefreshPlugins (0ms)
			BeforeProcessingInitializeOnLoad (112ms)
			ProcessInitializeOnLoadAttributes (431ms)
			ProcessInitializeOnLoadMethodAttributes (22ms)
			AfterProcessingInitializeOnLoad (9ms)
			EditorAssembliesLoaded (0ms)
		ExecutionOrderSort2 (0ms)
		AwakeInstancesAfterBackupRestoration (8ms)
Refreshing native plugins compatible for Editor in 3.73 ms, found 3 plugins.
Preloading 0 native plugins for Editor in 0.00 ms.
Unloading 3640 Unused Serialized files (Serialized files now loaded: 0)
Unloading 25 unused Assets / (102.9 KB). Loaded Objects now: 4163.
Memory consumption went from 142.7 MB to 142.6 MB.
Total: 2.987400 ms (FindLiveObjects: 0.281400 ms CreateObjectMapping: 0.104600 ms MarkObjects: 2.542200 ms  DeleteObjects: 0.057800 ms)

Prepare: number of updated asset objects reloaded= 0
AssetImportParameters requested are different than current active one (requested -> active):
  custom:container-demuxer-ogg: 62fdf1f143b41e24485cea50d1cbac27 -> 
  custom:video-codec-MediaFoundation-h265: 746d11721c4dcdbdad8f713fa42b33f4 -> 
  custom:video-decoder-ogg-theora: a1e56fd34408186e4bbccfd4996cb3dc -> 
  custom:framework-win-MediaFoundation: 216162199b28c13a410421893ffa2e32 -> 
  custom:CustomObjectIndexerAttribute: 756ad292c208cfabdd7b50bc23989ffe -> 
  custom:container-demuxer-webm: 4f35f7cbe854078d1ac9338744f61a02 -> 
  custom:container-muxer-webm: aa71ff27fc2769a1b78a27578f13a17b -> 
  custom:video-decoder-webm-vp8: 9c59270c3fd7afecdb556c50c9e8de78 -> 
  custom:SearchIndexIgnoredProperties: e643bd26f0fe6173181afceb89e7c659 -> 
  custom:AudioImporter_EditorPlatform: d09bf68614088b80899f8185d706f6e7 -> 
  custom:video-encoder-webm-vp8: eb34c28f22e8b96e1ab97ce403110664 -> 
  custom:audio-decoder-ogg-vorbis: bf7c407c2cedff20999df2af8eb42d56 -> 
  custom:audio-encoder-webm-vorbis: bf7c407c2cedff20999df2af8eb42d56 -> 
========================================================================
Received Prepare
Begin MonoManager ReloadAssembly
- Loaded All Assemblies, in  0.446 seconds
Refreshing native plugins compatible for Editor in 2.95 ms, found 3 plugins.
Native extension for WindowsStandalone target not found
[Package Manager] Server::EnsureServerProcessIsRunning -- launch failed, reason: Unity was launched with the -noUpm command-line argument
[Package Manager] UpmClient::Send -- Unable to send message (not connected to UPM process).
[Package Manager] Cannot connect to Unity Package Manager local server
Mono: successfully reloaded assembly
- Finished resetting the current domain, in  0.987 seconds
Domain Reload Profiling: 1431ms
	BeginReloadAssembly (147ms)
		ExecutionOrderSort (0ms)
		DisableScriptedObjects (5ms)
		BackupInstance (0ms)
		ReleaseScriptingObjects (0ms)
		CreateAndSetChildDomain (31ms)
	RebuildCommonClasses (29ms)
	RebuildNativeTypeToScriptingClass (9ms)
	initialDomainReloadingComplete (29ms)
	LoadAllAssembliesAndSetupDomain (228ms)
		LoadAssemblies (295ms)
		RebuildTransferFunctionScriptingTraits (0ms)
		AnalyzeDomain (13ms)
			TypeCache.Refresh (6ms)
				TypeCache.ScanAssembly (0ms)
			ScanForSourceGeneratedMonoScriptInfo (0ms)
			ResolveRequiredComponents (6ms)
	FinalizeReload (988ms)
		ReleaseScriptCaches (0ms)
		RebuildScriptCaches (0ms)
		SetupLoadedEditorAssemblies (542ms)
			LogAssemblyErrors (0ms)
			InitializePlatformSupportModulesInManaged (7ms)
			SetLoadedEditorAssemblies (4ms)
			RefreshPlugins (0ms)
			BeforeProcessingInitializeOnLoad (103ms)
			ProcessInitializeOnLoadAttributes (402ms)
			ProcessInitializeOnLoadMethodAttributes (20ms)
			AfterProcessingInitializeOnLoad (6ms)
			EditorAssembliesLoaded (0ms)
		ExecutionOrderSort2 (0ms)
		AwakeInstancesAfterBackupRestoration (7ms)
Refreshing native plugins compatible for Editor in 3.30 ms, found 3 plugins.
Preloading 0 native plugins for Editor in 0.00 ms.
Unloading 3640 Unused Serialized files (Serialized files now loaded: 0)
Unloading 25 unused Assets / (102.8 KB). Loaded Objects now: 4178.
Memory consumption went from 144.7 MB to 144.6 MB.
Total: 3.170700 ms (FindLiveObjects: 0.221500 ms CreateObjectMapping: 0.104300 ms MarkObjects: 2.777900 ms  DeleteObjects: 0.065600 ms)

Prepare: number of updated asset objects reloaded= 0
AssetImportParameters requested are different than current active one (requested -> active):
  custom:container-demuxer-ogg: 62fdf1f143b41e24485cea50d1cbac27 -> 
  custom:video-codec-MediaFoundation-h265: 746d11721c4dcdbdad8f713fa42b33f4 -> 
  custom:video-decoder-ogg-theora: a1e56fd34408186e4bbccfd4996cb3dc -> 
  custom:framework-win-MediaFoundation: 216162199b28c13a410421893ffa2e32 -> 
  custom:CustomObjectIndexerAttribute: 756ad292c208cfabdd7b50bc23989ffe -> 
  custom:container-demuxer-webm: 4f35f7cbe854078d1ac9338744f61a02 -> 
  custom:container-muxer-webm: aa71ff27fc2769a1b78a27578f13a17b -> 
  custom:video-decoder-webm-vp8: 9c59270c3fd7afecdb556c50c9e8de78 -> 
  custom:SearchIndexIgnoredProperties: e643bd26f0fe6173181afceb89e7c659 -> 
  custom:AudioImporter_EditorPlatform: d09bf68614088b80899f8185d706f6e7 -> 
  custom:video-encoder-webm-vp8: eb34c28f22e8b96e1ab97ce403110664 -> 
  custom:audio-decoder-ogg-vorbis: bf7c407c2cedff20999df2af8eb42d56 -> 
  custom:audio-encoder-webm-vorbis: bf7c407c2cedff20999df2af8eb42d56 -> 
========================================================================
Received Import Request.
  Time since last request: 208.283791 seconds.
  path: Assets/Contents/Textures/Menu/principale-esci-click.png
  artifactKey: Guid(0575990bd27b9b54bb8acea9f1645bef) Importer(815301076,1909f56bfc062723c751e8b465ee728b)
Start importing Assets/Contents/Textures/Menu/principale-esci-click.png using Guid(0575990bd27b9b54bb8acea9f1645bef) Importer(815301076,1909f56bfc062723c751e8b465ee728b)  -> (artifact id: 'bc8e8a708b69b55de3e1f51cad9d14a3') in 0.070670 seconds
Number of updated asset objects reloaded before import = 0
Number of asset objects unloaded after import = 2
========================================================================
Received Import Request.
  Time since last request: 6.775077 seconds.
  path: Assets/Contents/Textures/Menu/principale-esci-click.png
  artifactKey: Guid(0575990bd27b9b54bb8acea9f1645bef) Importer(815301076,1909f56bfc062723c751e8b465ee728b)
Start importing Assets/Contents/Textures/Menu/principale-esci-click.png using Guid(0575990bd27b9b54bb8acea9f1645bef) Importer(815301076,1909f56bfc062723c751e8b465ee728b)  -> (artifact id: 'd0bafd4f6ba2e814017bc7ac52d7efbe') in 0.073965 seconds
Number of updated asset objects reloaded before import = 0
Number of asset objects unloaded after import = 3
========================================================================
Received Import Request.
  Time since last request: 7.254462 seconds.
  path: Assets/Contents/Textures/Menu/Esci-Click.png
  artifactKey: Guid(0575990bd27b9b54bb8acea9f1645bef) Importer(815301076,1909f56bfc062723c751e8b465ee728b)
Start importing Assets/Contents/Textures/Menu/Esci-Click.png using Guid(0575990bd27b9b54bb8acea9f1645bef) Importer(815301076,1909f56bfc062723c751e8b465ee728b)  -> (artifact id: '07c9de79abe03ae74c95630fcc7a8bb2') in 0.053172 seconds
Number of updated asset objects reloaded before import = 0
Number of asset objects unloaded after import = 3
========================================================================
Received Import Request.
  Time since last request: 8.900768 seconds.
  path: Assets/Contents/Textures/Menu/Esci-Normal.png
  artifactKey: Guid(d149779c2b2351a469a091ad0738c076) Importer(815301076,1909f56bfc062723c751e8b465ee728b)
Start importing Assets/Contents/Textures/Menu/Esci-Normal.png using Guid(d149779c2b2351a469a091ad0738c076) Importer(815301076,1909f56bfc062723c751e8b465ee728b)  -> (artifact id: '2c980b58d7a608e1d878723431e8f78c') in 0.045145 seconds
Number of updated asset objects reloaded before import = 0
Number of asset objects unloaded after import = 3
========================================================================
Received Import Request.
  Time since last request: 6.884649 seconds.
  path: Assets/Contents/Textures/Menu/Esci-Hover.png
  artifactKey: Guid(bbbc769fa9292f844ac03bf2a2ad10c6) Importer(815301076,1909f56bfc062723c751e8b465ee728b)
Start importing Assets/Contents/Textures/Menu/Esci-Hover.png using Guid(bbbc769fa9292f844ac03bf2a2ad10c6) Importer(815301076,1909f56bfc062723c751e8b465ee728b)  -> (artifact id: 'dab70529d82097a2a56015dc2dd344cb') in 0.032159 seconds
Number of updated asset objects reloaded before import = 0
Number of asset objects unloaded after import = 3
========================================================================
Received Import Request.
  Time since last request: 146.089836 seconds.
  path: Assets/Contents/Textures/Menu/principale-impostazioni-click.png
  artifactKey: Guid(7e701d43836463c418579eb27b0cd4ae) Importer(815301076,1909f56bfc062723c751e8b465ee728b)
Start importing Assets/Contents/Textures/Menu/principale-impostazioni-click.png using Guid(7e701d43836463c418579eb27b0cd4ae) Importer(815301076,1909f56bfc062723c751e8b465ee728b)  -> (artifact id: '0bd38bdeb20b9d56046538994ffb1bfd') in 0.040279 seconds
Number of updated asset objects reloaded before import = 0
Number of asset objects unloaded after import = 2
========================================================================
Received Import Request.
  Time since last request: 8.085564 seconds.
  path: Assets/Contents/Textures/Menu/principale-impostazioni-click.png
  artifactKey: Guid(7e701d43836463c418579eb27b0cd4ae) Importer(815301076,1909f56bfc062723c751e8b465ee728b)
Start importing Assets/Contents/Textures/Menu/principale-impostazioni-click.png using Guid(7e701d43836463c418579eb27b0cd4ae) Importer(815301076,1909f56bfc062723c751e8b465ee728b)  -> (artifact id: '77e2a9db9948a17edae8fb27379825a7') in 0.068112 seconds
Number of updated asset objects reloaded before import = 0
Number of asset objects unloaded after import = 3
========================================================================
Received Import Request.
  Time since last request: 0.000145 seconds.
  path: Assets/Contents/Textures/Menu/principale-impostazioni-over.png
  artifactKey: Guid(5df922e7f3cfc6b4da95f8fb83f50808) Importer(815301076,1909f56bfc062723c751e8b465ee728b)
Start importing Assets/Contents/Textures/Menu/principale-impostazioni-over.png using Guid(5df922e7f3cfc6b4da95f8fb83f50808) Importer(815301076,1909f56bfc062723c751e8b465ee728b)  -> (artifact id: '703d187e16110fe7a68df73b8af474aa') in 0.049309 seconds
Number of updated asset objects reloaded before import = 0
Number of asset objects unloaded after import = 3
========================================================================
Received Import Request.
  Time since last request: 13.757789 seconds.
  path: Assets/Contents/Textures/Menu/Impostazioni-Click.png
  artifactKey: Guid(7e701d43836463c418579eb27b0cd4ae) Importer(815301076,1909f56bfc062723c751e8b465ee728b)
Start importing Assets/Contents/Textures/Menu/Impostazioni-Click.png using Guid(7e701d43836463c418579eb27b0cd4ae) Importer(815301076,1909f56bfc062723c751e8b465ee728b)  -> (artifact id: '1720f496881c686541f55f056fd02010') in 0.032956 seconds
Number of updated asset objects reloaded before import = 0
Number of asset objects unloaded after import = 3
========================================================================
Received Import Request.
  Time since last request: 11.753824 seconds.
  path: Assets/Contents/Textures/Menu/Impostazioni-Normale.png
  artifactKey: Guid(2525dc852b7129b43b94c8d5163c59ae) Importer(815301076,1909f56bfc062723c751e8b465ee728b)
Start importing Assets/Contents/Textures/Menu/Impostazioni-Normale.png using Guid(2525dc852b7129b43b94c8d5163c59ae) Importer(815301076,1909f56bfc062723c751e8b465ee728b)  -> (artifact id: '26d84b8c3734b8e562579b0ca346d664') in 0.019433 seconds
Number of updated asset objects reloaded before import = 0
Number of asset objects unloaded after import = 3
========================================================================
Received Import Request.
  Time since last request: 8.185332 seconds.
  path: Assets/Contents/Textures/Menu/Impostazioni-Hover.png
  artifactKey: Guid(5df922e7f3cfc6b4da95f8fb83f50808) Importer(815301076,1909f56bfc062723c751e8b465ee728b)
Start importing Assets/Contents/Textures/Menu/Impostazioni-Hover.png using Guid(5df922e7f3cfc6b4da95f8fb83f50808) Importer(815301076,1909f56bfc062723c751e8b465ee728b)  -> (artifact id: 'cb2a1d5d5cda22401a8bddee2d686d53') in 0.045836 seconds
Number of updated asset objects reloaded before import = 0
Number of asset objects unloaded after import = 3
========================================================================
Received Import Request.
  Time since last request: 230.343728 seconds.
  path: Assets/Contents/Textures/Menu/principale-menu_principale-click.png
  artifactKey: Guid(b81d92862edaf4d4993dc532418cb430) Importer(815301076,1909f56bfc062723c751e8b465ee728b)
Start importing Assets/Contents/Textures/Menu/principale-menu_principale-click.png using Guid(b81d92862edaf4d4993dc532418cb430) Importer(815301076,1909f56bfc062723c751e8b465ee728b)  -> (artifact id: '198995603e66df6518d3ced3cc2a045d') in 0.033629 seconds
Number of updated asset objects reloaded before import = 0
Number of asset objects unloaded after import = 2
========================================================================
Received Import Request.
  Time since last request: 0.000025 seconds.
  path: Assets/Contents/Textures/Menu/principale-riprendi-over.png
  artifactKey: Guid(72bb35c66c7d280439e84ba73cd6238b) Importer(815301076,1909f56bfc062723c751e8b465ee728b)
Start importing Assets/Contents/Textures/Menu/principale-riprendi-over.png using Guid(72bb35c66c7d280439e84ba73cd6238b) Importer(815301076,1909f56bfc062723c751e8b465ee728b)  -> (artifact id: '29c4a618a587845627f7ab3d5e132605') in 0.033831 seconds
Number of updated asset objects reloaded before import = 0
Number of asset objects unloaded after import = 2
========================================================================
Received Import Request.
  Time since last request: 0.000296 seconds.
  path: Assets/Contents/Textures/Menu/principale-riprendi-click.png
  artifactKey: Guid(6f779f253942811468ccbdc868a75ffd) Importer(815301076,1909f56bfc062723c751e8b465ee728b)
Start importing Assets/Contents/Textures/Menu/principale-riprendi-click.png using Guid(6f779f253942811468ccbdc868a75ffd) Importer(815301076,1909f56bfc062723c751e8b465ee728b)  -> (artifact id: '3333d27422afcf052498197a6254066f') in 0.020171 seconds
Number of updated asset objects reloaded before import = 0
Number of asset objects unloaded after import = 2
========================================================================
Received Import Request.
  Time since last request: 7.143159 seconds.
  path: Assets/Contents/Textures/Menu/principale-menu_principale-click.png
  artifactKey: Guid(b81d92862edaf4d4993dc532418cb430) Importer(815301076,1909f56bfc062723c751e8b465ee728b)
Start importing Assets/Contents/Textures/Menu/principale-menu_principale-click.png using Guid(b81d92862edaf4d4993dc532418cb430) Importer(815301076,1909f56bfc062723c751e8b465ee728b)  -> (artifact id: '7ce22c5a743fcae054d24cc62162a156') in 0.100775 seconds
Number of updated asset objects reloaded before import = 0
Number of asset objects unloaded after import = 3
========================================================================
Received Import Request.
  Time since last request: 0.000390 seconds.
  path: Assets/Contents/Textures/Menu/principale-riprendi-neutrale.png
  artifactKey: Guid(f291ec9e4b397714eb03836fd786d73a) Importer(815301076,1909f56bfc062723c751e8b465ee728b)
Start importing Assets/Contents/Textures/Menu/principale-riprendi-neutrale.png using Guid(f291ec9e4b397714eb03836fd786d73a) Importer(815301076,1909f56bfc062723c751e8b465ee728b)  -> (artifact id: '2a4dd28b97a917d92c5e7cca6198764e') in 0.096178 seconds
Number of updated asset objects reloaded before import = 0
Number of asset objects unloaded after import = 3
========================================================================
Received Import Request.
  Time since last request: 107.205911 seconds.
  path: Assets/Contents/Textures/Menu/MainMenu-Click.png
  artifactKey: Guid(b81d92862edaf4d4993dc532418cb430) Importer(815301076,1909f56bfc062723c751e8b465ee728b)
Start importing Assets/Contents/Textures/Menu/MainMenu-Click.png using Guid(b81d92862edaf4d4993dc532418cb430) Importer(815301076,1909f56bfc062723c751e8b465ee728b)  -> (artifact id: '2efd321023dcb585120b8a6f042c5646') in 0.019009 seconds
Number of updated asset objects reloaded before import = 0
Number of asset objects unloaded after import = 3
========================================================================
Received Import Request.
  Time since last request: 11.690931 seconds.
  path: Assets/Contents/Textures/Menu/Riprendi-Click.png
  artifactKey: Guid(6f779f253942811468ccbdc868a75ffd) Importer(815301076,1909f56bfc062723c751e8b465ee728b)
Start importing Assets/Contents/Textures/Menu/Riprendi-Click.png using Guid(6f779f253942811468ccbdc868a75ffd) Importer(815301076,1909f56bfc062723c751e8b465ee728b)  -> (artifact id: 'c273030dd3fd5301167e361d6a3d28fb') in 0.044084 seconds
Number of updated asset objects reloaded before import = 0
Number of asset objects unloaded after import = 3
========================================================================
Received Import Request.
  Time since last request: 12.818433 seconds.
  path: Assets/Contents/Textures/Menu/RIprendi-Hover.png
  artifactKey: Guid(72bb35c66c7d280439e84ba73cd6238b) Importer(815301076,1909f56bfc062723c751e8b465ee728b)
Start importing Assets/Contents/Textures/Menu/RIprendi-Hover.png using Guid(72bb35c66c7d280439e84ba73cd6238b) Importer(815301076,1909f56bfc062723c751e8b465ee728b)  -> (artifact id: 'bdebe355ed1b03f086f11b104fddf5b9') in 0.017233 seconds
Number of updated asset objects reloaded before import = 0
Number of asset objects unloaded after import = 3
========================================================================
Received Import Request.
  Time since last request: 34.086380 seconds.
  path: Assets/Contents/Textures/Menu/Riprendi-Normal.png
  artifactKey: Guid(f291ec9e4b397714eb03836fd786d73a) Importer(815301076,1909f56bfc062723c751e8b465ee728b)
Start importing Assets/Contents/Textures/Menu/Riprendi-Normal.png using Guid(f291ec9e4b397714eb03836fd786d73a) Importer(815301076,1909f56bfc062723c751e8b465ee728b)  -> (artifact id: 'de17a28e80cd95332cf7512eb1814e74') in 0.017830 seconds
Number of updated asset objects reloaded before import = 0
Number of asset objects unloaded after import = 3
========================================================================
Received Import Request.
  Time since last request: 41.723405 seconds.
  path: Assets/Contents/Textures/Menu/MainMenu-Normal.png
  artifactKey: Guid(6bcb0b12fc1966943b80cfa7c3ee6e67) Importer(815301076,1909f56bfc062723c751e8b465ee728b)
Start importing Assets/Contents/Textures/Menu/MainMenu-Normal.png using Guid(6bcb0b12fc1966943b80cfa7c3ee6e67) Importer(815301076,1909f56bfc062723c751e8b465ee728b)  -> (artifact id: '8e250cae6d12a710a355c261448cc6c9') in 0.019825 seconds
Number of updated asset objects reloaded before import = 0
Number of asset objects unloaded after import = 3
========================================================================
Received Import Request.
  Time since last request: 7.984865 seconds.
  path: Assets/Contents/Textures/Menu/MainMenu-Hover.png
  artifactKey: Guid(7aced5308a90e8746ba5eeb8c3d8cdd6) Importer(815301076,1909f56bfc062723c751e8b465ee728b)
Start importing Assets/Contents/Textures/Menu/MainMenu-Hover.png using Guid(7aced5308a90e8746ba5eeb8c3d8cdd6) Importer(815301076,1909f56bfc062723c751e8b465ee728b)  -> (artifact id: '3a1bee0f16ec7cc3f411ef66ae776a3c') in 0.020974 seconds
Number of updated asset objects reloaded before import = 0
Number of asset objects unloaded after import = 3
========================================================================
Received Import Request.
  Time since last request: 380.788171 seconds.
  path: Assets/Contents/TextMesh Pro
  artifactKey: Guid(f54d1bd14bd3ca042bd867b519fee8cc) Importer(815301076,1909f56bfc062723c751e8b465ee728b)
Start importing Assets/Contents/TextMesh Pro using Guid(f54d1bd14bd3ca042bd867b519fee8cc) Importer(815301076,1909f56bfc062723c751e8b465ee728b)  -> (artifact id: '30796653c4dfc1f2480bca9d8b60487c') in 0.001096 seconds
Number of updated asset objects reloaded before import = 0
Number of asset objects unloaded after import = 0
========================================================================
Received Import Request.
  Time since last request: 2.854837 seconds.
  path: Assets/Contents/TextMesh Pro/UnfinishedScreamRegular.ttf
  artifactKey: Guid(a26b35ba77aedc942b964ecf0e498e71) Importer(815301076,1909f56bfc062723c751e8b465ee728b)
Start importing Assets/Contents/TextMesh Pro/UnfinishedScreamRegular.ttf using Guid(a26b35ba77aedc942b964ecf0e498e71) Importer(815301076,1909f56bfc062723c751e8b465ee728b)  -> (artifact id: 'a2dc5acffc88089fec3df80ba70b9230') in 0.053855 seconds
Number of updated asset objects reloaded before import = 0
Number of asset objects unloaded after import = 4
========================================================================
Received Import Request.
  Time since last request: 16.639486 seconds.
  path: Assets/Contents/TextMesh Pro/UnfinishedScreamRegular SDF.asset
  artifactKey: Guid(bc6fd02558f358e478fc4feda2d1f02c) Importer(815301076,1909f56bfc062723c751e8b465ee728b)
Start importing Assets/Contents/TextMesh Pro/UnfinishedScreamRegular SDF.asset using Guid(bc6fd02558f358e478fc4feda2d1f02c) Importer(815301076,1909f56bfc062723c751e8b465ee728b)  -> (artifact id: '9eec29e90eb73857b8650a047b565b33') in 0.060795 seconds
Number of updated asset objects reloaded before import = 0
Number of asset objects unloaded after import = 6
========================================================================
Received Import Request.
  Time since last request: 515.955607 seconds.
  path: Assets/Contents/Textures/Menu/Gameplay
  artifactKey: Guid(c69c72b9028346644b5bfc9180aa13b7) Importer(815301076,1909f56bfc062723c751e8b465ee728b)
Start importing Assets/Contents/Textures/Menu/Gameplay using Guid(c69c72b9028346644b5bfc9180aa13b7) Importer(815301076,1909f56bfc062723c751e8b465ee728b)  -> (artifact id: '94d41d1f649d97a42f1d6d1cf319a7a9') in 0.001053 seconds
Number of updated asset objects reloaded before import = 0
Number of asset objects unloaded after import = 0
========================================================================
Received Import Request.
  Time since last request: 5.403808 seconds.
  path: Assets/Contents/Textures/Menu/Gameplay/cuore-fantasma.png
  artifactKey: Guid(c9950898a0328ac4cb5ef9042c62a293) Importer(815301076,1909f56bfc062723c751e8b465ee728b)
Start importing Assets/Contents/Textures/Menu/Gameplay/cuore-fantasma.png using Guid(c9950898a0328ac4cb5ef9042c62a293) Importer(815301076,1909f56bfc062723c751e8b465ee728b)  -> (artifact id: 'e32e1054e3ad812862b07feacc29912a') in 0.053460 seconds
Number of updated asset objects reloaded before import = 0
Number of asset objects unloaded after import = 2
========================================================================
Received Import Request.
  Time since last request: 4.112897 seconds.
  path: Assets/Contents/Textures/Menu/Gameplay/cuore-fantasma.png
  artifactKey: Guid(c9950898a0328ac4cb5ef9042c62a293) Importer(815301076,1909f56bfc062723c751e8b465ee728b)
Start importing Assets/Contents/Textures/Menu/Gameplay/cuore-fantasma.png using Guid(c9950898a0328ac4cb5ef9042c62a293) Importer(815301076,1909f56bfc062723c751e8b465ee728b)  -> (artifact id: 'c83ce85e8b4a68e9fc001b6364127c59') in 0.072700 seconds
Number of updated asset objects reloaded before import = 0
Number of asset objects unloaded after import = 3
========================================================================
Received Prepare
Begin MonoManager ReloadAssembly
- Loaded All Assemblies, in  0.521 seconds
Refreshing native plugins compatible for Editor in 3.95 ms, found 3 plugins.
Native extension for WindowsStandalone target not found
[Package Manager] Server::EnsureServerProcessIsRunning -- launch failed, reason: Unity was launched with the -noUpm command-line argument
[Package Manager] UpmClient::Send -- Unable to send message (not connected to UPM process).
[Package Manager] Cannot connect to Unity Package Manager local server
Mono: successfully reloaded assembly
- Finished resetting the current domain, in  1.172 seconds
Domain Reload Profiling: 1690ms
	BeginReloadAssembly (182ms)
		ExecutionOrderSort (0ms)
		DisableScriptedObjects (5ms)
		BackupInstance (0ms)
		ReleaseScriptingObjects (0ms)
		CreateAndSetChildDomain (49ms)
	RebuildCommonClasses (32ms)
	RebuildNativeTypeToScriptingClass (17ms)
	initialDomainReloadingComplete (36ms)
	LoadAllAssembliesAndSetupDomain (251ms)
		LoadAssemblies (331ms)
		RebuildTransferFunctionScriptingTraits (0ms)
		AnalyzeDomain (14ms)
			TypeCache.Refresh (6ms)
				TypeCache.ScanAssembly (0ms)
			ScanForSourceGeneratedMonoScriptInfo (0ms)
			ResolveRequiredComponents (6ms)
	FinalizeReload (1172ms)
		ReleaseScriptCaches (0ms)
		RebuildScriptCaches (0ms)
		SetupLoadedEditorAssemblies (645ms)
			LogAssemblyErrors (0ms)
			InitializePlatformSupportModulesInManaged (9ms)
			SetLoadedEditorAssemblies (5ms)
			RefreshPlugins (0ms)
			BeforeProcessingInitializeOnLoad (110ms)
			ProcessInitializeOnLoadAttributes (488ms)
			ProcessInitializeOnLoadMethodAttributes (24ms)
			AfterProcessingInitializeOnLoad (9ms)
			EditorAssembliesLoaded (0ms)
		ExecutionOrderSort2 (0ms)
		AwakeInstancesAfterBackupRestoration (6ms)
Refreshing native plugins compatible for Editor in 3.93 ms, found 3 plugins.
Preloading 0 native plugins for Editor in 0.00 ms.
Unloading 3639 Unused Serialized files (Serialized files now loaded: 0)
Unloading 25 unused Assets / (102.9 KB). Loaded Objects now: 4241.
Memory consumption went from 146.8 MB to 146.7 MB.
Total: 3.965600 ms (FindLiveObjects: 0.307400 ms CreateObjectMapping: 0.130300 ms MarkObjects: 3.429700 ms  DeleteObjects: 0.093500 ms)

Prepare: number of updated asset objects reloaded= 0
AssetImportParameters requested are different than current active one (requested -> active):
  custom:container-demuxer-ogg: 62fdf1f143b41e24485cea50d1cbac27 -> 
  custom:video-codec-MediaFoundation-h265: 746d11721c4dcdbdad8f713fa42b33f4 -> 
  custom:video-decoder-ogg-theora: a1e56fd34408186e4bbccfd4996cb3dc -> 
  custom:framework-win-MediaFoundation: 216162199b28c13a410421893ffa2e32 -> 
  custom:CustomObjectIndexerAttribute: 756ad292c208cfabdd7b50bc23989ffe -> 
  custom:container-demuxer-webm: 4f35f7cbe854078d1ac9338744f61a02 -> 
  custom:container-muxer-webm: aa71ff27fc2769a1b78a27578f13a17b -> 
  custom:video-decoder-webm-vp8: 9c59270c3fd7afecdb556c50c9e8de78 -> 
  custom:SearchIndexIgnoredProperties: e643bd26f0fe6173181afceb89e7c659 -> 
  custom:AudioImporter_EditorPlatform: d09bf68614088b80899f8185d706f6e7 -> 
  custom:video-encoder-webm-vp8: eb34c28f22e8b96e1ab97ce403110664 -> 
  custom:audio-decoder-ogg-vorbis: bf7c407c2cedff20999df2af8eb42d56 -> 
  custom:audio-encoder-webm-vorbis: bf7c407c2cedff20999df2af8eb42d56 -> 
========================================================================
Received Prepare
Begin MonoManager ReloadAssembly
- Loaded All Assemblies, in  0.475 seconds
Refreshing native plugins compatible for Editor in 3.55 ms, found 3 plugins.
Native extension for WindowsStandalone target not found
[Package Manager] Server::EnsureServerProcessIsRunning -- launch failed, reason: Unity was launched with the -noUpm command-line argument
[Package Manager] UpmClient::Send -- Unable to send message (not connected to UPM process).
[Package Manager] Cannot connect to Unity Package Manager local server
Mono: successfully reloaded assembly
- Finished resetting the current domain, in  1.152 seconds
Domain Reload Profiling: 1624ms
	BeginReloadAssembly (155ms)
		ExecutionOrderSort (0ms)
		DisableScriptedObjects (4ms)
		BackupInstance (0ms)
		ReleaseScriptingObjects (0ms)
		CreateAndSetChildDomain (32ms)
	RebuildCommonClasses (45ms)
	RebuildNativeTypeToScriptingClass (10ms)
	initialDomainReloadingComplete (29ms)
	LoadAllAssembliesAndSetupDomain (233ms)
		LoadAssemblies (301ms)
		RebuildTransferFunctionScriptingTraits (0ms)
		AnalyzeDomain (14ms)
			TypeCache.Refresh (6ms)
				TypeCache.ScanAssembly (0ms)
			ScanForSourceGeneratedMonoScriptInfo (0ms)
			ResolveRequiredComponents (6ms)
	FinalizeReload (1152ms)
		ReleaseScriptCaches (0ms)
		RebuildScriptCaches (0ms)
		SetupLoadedEditorAssemblies (663ms)
			LogAssemblyErrors (0ms)
			InitializePlatformSupportModulesInManaged (7ms)
			SetLoadedEditorAssemblies (5ms)
			RefreshPlugins (0ms)
			BeforeProcessingInitializeOnLoad (106ms)
			ProcessInitializeOnLoadAttributes (511ms)
			ProcessInitializeOnLoadMethodAttributes (24ms)
			AfterProcessingInitializeOnLoad (9ms)
			EditorAssembliesLoaded (0ms)
		ExecutionOrderSort2 (0ms)
		AwakeInstancesAfterBackupRestoration (8ms)
Refreshing native plugins compatible for Editor in 6.77 ms, found 3 plugins.
Preloading 0 native plugins for Editor in 0.00 ms.
Unloading 3640 Unused Serialized files (Serialized files now loaded: 0)
Unloading 25 unused Assets / (102.9 KB). Loaded Objects now: 4256.
Memory consumption went from 149.0 MB to 148.9 MB.
Total: 4.417600 ms (FindLiveObjects: 0.244100 ms CreateObjectMapping: 0.121900 ms MarkObjects: 3.978100 ms  DeleteObjects: 0.071700 ms)

Prepare: number of updated asset objects reloaded= 0
AssetImportParameters requested are different than current active one (requested -> active):
  custom:container-demuxer-ogg: 62fdf1f143b41e24485cea50d1cbac27 -> 
  custom:video-codec-MediaFoundation-h265: 746d11721c4dcdbdad8f713fa42b33f4 -> 
  custom:video-decoder-ogg-theora: a1e56fd34408186e4bbccfd4996cb3dc -> 
  custom:framework-win-MediaFoundation: 216162199b28c13a410421893ffa2e32 -> 
  custom:CustomObjectIndexerAttribute: 756ad292c208cfabdd7b50bc23989ffe -> 
  custom:container-demuxer-webm: 4f35f7cbe854078d1ac9338744f61a02 -> 
  custom:container-muxer-webm: aa71ff27fc2769a1b78a27578f13a17b -> 
  custom:video-decoder-webm-vp8: 9c59270c3fd7afecdb556c50c9e8de78 -> 
  custom:SearchIndexIgnoredProperties: e643bd26f0fe6173181afceb89e7c659 -> 
  custom:AudioImporter_EditorPlatform: d09bf68614088b80899f8185d706f6e7 -> 
  custom:video-encoder-webm-vp8: eb34c28f22e8b96e1ab97ce403110664 -> 
  custom:audio-decoder-ogg-vorbis: bf7c407c2cedff20999df2af8eb42d56 -> 
  custom:audio-encoder-webm-vorbis: bf7c407c2cedff20999df2af8eb42d56 -> 
========================================================================
Received Prepare
Begin MonoManager ReloadAssembly
- Loaded All Assemblies, in  0.492 seconds
Refreshing native plugins compatible for Editor in 2.95 ms, found 3 plugins.
Native extension for WindowsStandalone target not found
[Package Manager] Server::EnsureServerProcessIsRunning -- launch failed, reason: Unity was launched with the -noUpm command-line argument
[Package Manager] UpmClient::Send -- Unable to send message (not connected to UPM process).
[Package Manager] Cannot connect to Unity Package Manager local server
Mono: successfully reloaded assembly
- Finished resetting the current domain, in  1.136 seconds
Domain Reload Profiling: 1625ms
	BeginReloadAssembly (166ms)
		ExecutionOrderSort (0ms)
		DisableScriptedObjects (8ms)
		BackupInstance (0ms)
		ReleaseScriptingObjects (0ms)
		CreateAndSetChildDomain (41ms)
	RebuildCommonClasses (37ms)
	RebuildNativeTypeToScriptingClass (10ms)
	initialDomainReloadingComplete (27ms)
	LoadAllAssembliesAndSetupDomain (249ms)
		LoadAssemblies (312ms)
		RebuildTransferFunctionScriptingTraits (0ms)
		AnalyzeDomain (14ms)
			TypeCache.Refresh (7ms)
				TypeCache.ScanAssembly (0ms)
			ScanForSourceGeneratedMonoScriptInfo (0ms)
			ResolveRequiredComponents (6ms)
	FinalizeReload (1137ms)
		ReleaseScriptCaches (0ms)
		RebuildScriptCaches (0ms)
		SetupLoadedEditorAssemblies (623ms)
			LogAssemblyErrors (0ms)
			InitializePlatformSupportModulesInManaged (7ms)
			SetLoadedEditorAssemblies (5ms)
			RefreshPlugins (0ms)
			BeforeProcessingInitializeOnLoad (108ms)
			ProcessInitializeOnLoadAttributes (472ms)
			ProcessInitializeOnLoadMethodAttributes (23ms)
			AfterProcessingInitializeOnLoad (8ms)
			EditorAssembliesLoaded (0ms)
		ExecutionOrderSort2 (0ms)
		AwakeInstancesAfterBackupRestoration (8ms)
Refreshing native plugins compatible for Editor in 3.50 ms, found 3 plugins.
Preloading 0 native plugins for Editor in 0.00 ms.
Unloading 3640 Unused Serialized files (Serialized files now loaded: 0)
Unloading 25 unused Assets / (102.9 KB). Loaded Objects now: 4271.
Memory consumption went from 151.0 MB to 150.9 MB.
Total: 4.066600 ms (FindLiveObjects: 0.318900 ms CreateObjectMapping: 0.147300 ms MarkObjects: 3.508700 ms  DeleteObjects: 0.089500 ms)

Prepare: number of updated asset objects reloaded= 0
AssetImportParameters requested are different than current active one (requested -> active):
  custom:container-demuxer-ogg: 62fdf1f143b41e24485cea50d1cbac27 -> 
  custom:video-codec-MediaFoundation-h265: 746d11721c4dcdbdad8f713fa42b33f4 -> 
  custom:video-decoder-ogg-theora: a1e56fd34408186e4bbccfd4996cb3dc -> 
  custom:framework-win-MediaFoundation: 216162199b28c13a410421893ffa2e32 -> 
  custom:CustomObjectIndexerAttribute: 756ad292c208cfabdd7b50bc23989ffe -> 
  custom:container-demuxer-webm: 4f35f7cbe854078d1ac9338744f61a02 -> 
  custom:container-muxer-webm: aa71ff27fc2769a1b78a27578f13a17b -> 
  custom:video-decoder-webm-vp8: 9c59270c3fd7afecdb556c50c9e8de78 -> 
  custom:SearchIndexIgnoredProperties: e643bd26f0fe6173181afceb89e7c659 -> 
  custom:AudioImporter_EditorPlatform: d09bf68614088b80899f8185d706f6e7 -> 
  custom:video-encoder-webm-vp8: eb34c28f22e8b96e1ab97ce403110664 -> 
  custom:audio-decoder-ogg-vorbis: bf7c407c2cedff20999df2af8eb42d56 -> 
  custom:audio-encoder-webm-vorbis: bf7c407c2cedff20999df2af8eb42d56 -> 
========================================================================
Received Prepare
Begin MonoManager ReloadAssembly
- Loaded All Assemblies, in  0.499 seconds
Refreshing native plugins compatible for Editor in 3.25 ms, found 3 plugins.
Native extension for WindowsStandalone target not found
[Package Manager] Server::EnsureServerProcessIsRunning -- launch failed, reason: Unity was launched with the -noUpm command-line argument
[Package Manager] UpmClient::Send -- Unable to send message (not connected to UPM process).
[Package Manager] Cannot connect to Unity Package Manager local server
Mono: successfully reloaded assembly
- Finished resetting the current domain, in  1.153 seconds
Domain Reload Profiling: 1647ms
	BeginReloadAssembly (160ms)
		ExecutionOrderSort (0ms)
		DisableScriptedObjects (5ms)
		BackupInstance (0ms)
		ReleaseScriptingObjects (0ms)
		CreateAndSetChildDomain (39ms)
	RebuildCommonClasses (30ms)
	RebuildNativeTypeToScriptingClass (10ms)
	initialDomainReloadingComplete (37ms)
	LoadAllAssembliesAndSetupDomain (257ms)
		LoadAssemblies (320ms)
		RebuildTransferFunctionScriptingTraits (0ms)
		AnalyzeDomain (14ms)
			TypeCache.Refresh (7ms)
				TypeCache.ScanAssembly (0ms)
			ScanForSourceGeneratedMonoScriptInfo (0ms)
			ResolveRequiredComponents (6ms)
	FinalizeReload (1153ms)
		ReleaseScriptCaches (0ms)
		RebuildScriptCaches (0ms)
		SetupLoadedEditorAssemblies (650ms)
			LogAssemblyErrors (0ms)
			InitializePlatformSupportModulesInManaged (7ms)
			SetLoadedEditorAssemblies (6ms)
			RefreshPlugins (0ms)
			BeforeProcessingInitializeOnLoad (105ms)
			ProcessInitializeOnLoadAttributes (501ms)
			ProcessInitializeOnLoadMethodAttributes (22ms)
			AfterProcessingInitializeOnLoad (8ms)
			EditorAssembliesLoaded (0ms)
		ExecutionOrderSort2 (0ms)
		AwakeInstancesAfterBackupRestoration (7ms)
Refreshing native plugins compatible for Editor in 3.08 ms, found 3 plugins.
Preloading 0 native plugins for Editor in 0.00 ms.
Unloading 3640 Unused Serialized files (Serialized files now loaded: 0)
Unloading 25 unused Assets / (102.9 KB). Loaded Objects now: 4286.
Memory consumption went from 152.9 MB to 152.8 MB.
Total: 3.941900 ms (FindLiveObjects: 0.343900 ms CreateObjectMapping: 0.144700 ms MarkObjects: 3.354300 ms  DeleteObjects: 0.096400 ms)

Prepare: number of updated asset objects reloaded= 0
AssetImportParameters requested are different than current active one (requested -> active):
  custom:container-demuxer-ogg: 62fdf1f143b41e24485cea50d1cbac27 -> 
  custom:video-codec-MediaFoundation-h265: 746d11721c4dcdbdad8f713fa42b33f4 -> 
  custom:video-decoder-ogg-theora: a1e56fd34408186e4bbccfd4996cb3dc -> 
  custom:framework-win-MediaFoundation: 216162199b28c13a410421893ffa2e32 -> 
  custom:CustomObjectIndexerAttribute: 756ad292c208cfabdd7b50bc23989ffe -> 
  custom:container-demuxer-webm: 4f35f7cbe854078d1ac9338744f61a02 -> 
  custom:container-muxer-webm: aa71ff27fc2769a1b78a27578f13a17b -> 
  custom:video-decoder-webm-vp8: 9c59270c3fd7afecdb556c50c9e8de78 -> 
  custom:SearchIndexIgnoredProperties: e643bd26f0fe6173181afceb89e7c659 -> 
  custom:AudioImporter_EditorPlatform: d09bf68614088b80899f8185d706f6e7 -> 
  custom:video-encoder-webm-vp8: eb34c28f22e8b96e1ab97ce403110664 -> 
  custom:audio-decoder-ogg-vorbis: bf7c407c2cedff20999df2af8eb42d56 -> 
  custom:audio-encoder-webm-vorbis: bf7c407c2cedff20999df2af8eb42d56 -> 
========================================================================
Received Prepare
Begin MonoManager ReloadAssembly
- Loaded All Assemblies, in  0.489 seconds
Refreshing native plugins compatible for Editor in 3.57 ms, found 3 plugins.
Native extension for WindowsStandalone target not found
[Package Manager] Server::EnsureServerProcessIsRunning -- launch failed, reason: Unity was launched with the -noUpm command-line argument
[Package Manager] UpmClient::Send -- Unable to send message (not connected to UPM process).
[Package Manager] Cannot connect to Unity Package Manager local server
Mono: successfully reloaded assembly
- Finished resetting the current domain, in  1.208 seconds
Domain Reload Profiling: 1695ms
	BeginReloadAssembly (164ms)
		ExecutionOrderSort (0ms)
		DisableScriptedObjects (5ms)
		BackupInstance (0ms)
		ReleaseScriptingObjects (0ms)
		CreateAndSetChildDomain (34ms)
	RebuildCommonClasses (44ms)
	RebuildNativeTypeToScriptingClass (10ms)
	initialDomainReloadingComplete (31ms)
	LoadAllAssembliesAndSetupDomain (237ms)
		LoadAssemblies (313ms)
		RebuildTransferFunctionScriptingTraits (0ms)
		AnalyzeDomain (15ms)
			TypeCache.Refresh (7ms)
				TypeCache.ScanAssembly (0ms)
			ScanForSourceGeneratedMonoScriptInfo (0ms)
			ResolveRequiredComponents (5ms)
	FinalizeReload (1209ms)
		ReleaseScriptCaches (0ms)
		RebuildScriptCaches (0ms)
		SetupLoadedEditorAssemblies (660ms)
			LogAssemblyErrors (0ms)
			InitializePlatformSupportModulesInManaged (8ms)
			SetLoadedEditorAssemblies (6ms)
			RefreshPlugins (0ms)
			BeforeProcessingInitializeOnLoad (119ms)
			ProcessInitializeOnLoadAttributes (491ms)
			ProcessInitializeOnLoadMethodAttributes (28ms)
			AfterProcessingInitializeOnLoad (8ms)
			EditorAssembliesLoaded (0ms)
		ExecutionOrderSort2 (0ms)
		AwakeInstancesAfterBackupRestoration (7ms)
Refreshing native plugins compatible for Editor in 3.53 ms, found 3 plugins.
Preloading 0 native plugins for Editor in 0.00 ms.
Unloading 3640 Unused Serialized files (Serialized files now loaded: 0)
Unloading 25 unused Assets / (102.9 KB). Loaded Objects now: 4301.
Memory consumption went from 154.8 MB to 154.7 MB.
Total: 4.209900 ms (FindLiveObjects: 0.328000 ms CreateObjectMapping: 0.138900 ms MarkObjects: 3.605800 ms  DeleteObjects: 0.133500 ms)

Prepare: number of updated asset objects reloaded= 0
AssetImportParameters requested are different than current active one (requested -> active):
  custom:container-demuxer-ogg: 62fdf1f143b41e24485cea50d1cbac27 -> 
  custom:video-codec-MediaFoundation-h265: 746d11721c4dcdbdad8f713fa42b33f4 -> 
  custom:video-decoder-ogg-theora: a1e56fd34408186e4bbccfd4996cb3dc -> 
  custom:framework-win-MediaFoundation: 216162199b28c13a410421893ffa2e32 -> 
  custom:CustomObjectIndexerAttribute: 756ad292c208cfabdd7b50bc23989ffe -> 
  custom:container-demuxer-webm: 4f35f7cbe854078d1ac9338744f61a02 -> 
  custom:container-muxer-webm: aa71ff27fc2769a1b78a27578f13a17b -> 
  custom:video-decoder-webm-vp8: 9c59270c3fd7afecdb556c50c9e8de78 -> 
  custom:SearchIndexIgnoredProperties: e643bd26f0fe6173181afceb89e7c659 -> 
  custom:AudioImporter_EditorPlatform: d09bf68614088b80899f8185d706f6e7 -> 
  custom:video-encoder-webm-vp8: eb34c28f22e8b96e1ab97ce403110664 -> 
  custom:audio-decoder-ogg-vorbis: bf7c407c2cedff20999df2af8eb42d56 -> 
  custom:audio-encoder-webm-vorbis: bf7c407c2cedff20999df2af8eb42d56 -> 
========================================================================
Received Prepare
Begin MonoManager ReloadAssembly
- Loaded All Assemblies, in  0.458 seconds
Refreshing native plugins compatible for Editor in 2.95 ms, found 3 plugins.
Native extension for WindowsStandalone target not found
[Package Manager] Server::EnsureServerProcessIsRunning -- launch failed, reason: Unity was launched with the -noUpm command-line argument
[Package Manager] UpmClient::Send -- Unable to send message (not connected to UPM process).
[Package Manager] Cannot connect to Unity Package Manager local server
Mono: successfully reloaded assembly
- Finished resetting the current domain, in  1.105 seconds
Domain Reload Profiling: 1561ms
	BeginReloadAssembly (153ms)
		ExecutionOrderSort (0ms)
		DisableScriptedObjects (5ms)
		BackupInstance (0ms)
		ReleaseScriptingObjects (0ms)
		CreateAndSetChildDomain (34ms)
	RebuildCommonClasses (28ms)
	RebuildNativeTypeToScriptingClass (10ms)
	initialDomainReloadingComplete (27ms)
	LoadAllAssembliesAndSetupDomain (238ms)
		LoadAssemblies (301ms)
		RebuildTransferFunctionScriptingTraits (0ms)
		AnalyzeDomain (13ms)
			TypeCache.Refresh (6ms)
				TypeCache.ScanAssembly (0ms)
			ScanForSourceGeneratedMonoScriptInfo (0ms)
			ResolveRequiredComponents (5ms)
	FinalizeReload (1106ms)
		ReleaseScriptCaches (0ms)
		RebuildScriptCaches (0ms)
		SetupLoadedEditorAssemblies (628ms)
			LogAssemblyErrors (0ms)
			InitializePlatformSupportModulesInManaged (6ms)
			SetLoadedEditorAssemblies (4ms)
			RefreshPlugins (0ms)
			BeforeProcessingInitializeOnLoad (100ms)
			ProcessInitializeOnLoadAttributes (485ms)
			ProcessInitializeOnLoadMethodAttributes (24ms)
			AfterProcessingInitializeOnLoad (8ms)
			EditorAssembliesLoaded (0ms)
		ExecutionOrderSort2 (0ms)
		AwakeInstancesAfterBackupRestoration (8ms)
Refreshing native plugins compatible for Editor in 4.89 ms, found 3 plugins.
Preloading 0 native plugins for Editor in 0.00 ms.
Unloading 3640 Unused Serialized files (Serialized files now loaded: 0)
Unloading 25 unused Assets / (102.9 KB). Loaded Objects now: 4316.
Memory consumption went from 156.7 MB to 156.6 MB.
Total: 4.665700 ms (FindLiveObjects: 0.339300 ms CreateObjectMapping: 0.149900 ms MarkObjects: 4.095400 ms  DeleteObjects: 0.079700 ms)

Prepare: number of updated asset objects reloaded= 0
AssetImportParameters requested are different than current active one (requested -> active):
  custom:container-demuxer-ogg: 62fdf1f143b41e24485cea50d1cbac27 -> 
  custom:video-codec-MediaFoundation-h265: 746d11721c4dcdbdad8f713fa42b33f4 -> 
  custom:video-decoder-ogg-theora: a1e56fd34408186e4bbccfd4996cb3dc -> 
  custom:framework-win-MediaFoundation: 216162199b28c13a410421893ffa2e32 -> 
  custom:CustomObjectIndexerAttribute: 756ad292c208cfabdd7b50bc23989ffe -> 
  custom:container-demuxer-webm: 4f35f7cbe854078d1ac9338744f61a02 -> 
  custom:container-muxer-webm: aa71ff27fc2769a1b78a27578f13a17b -> 
  custom:video-decoder-webm-vp8: 9c59270c3fd7afecdb556c50c9e8de78 -> 
  custom:SearchIndexIgnoredProperties: e643bd26f0fe6173181afceb89e7c659 -> 
  custom:AudioImporter_EditorPlatform: d09bf68614088b80899f8185d706f6e7 -> 
  custom:video-encoder-webm-vp8: eb34c28f22e8b96e1ab97ce403110664 -> 
  custom:audio-decoder-ogg-vorbis: bf7c407c2cedff20999df2af8eb42d56 -> 
  custom:audio-encoder-webm-vorbis: bf7c407c2cedff20999df2af8eb42d56 -> 
========================================================================
Received Import Request.
  Time since last request: 687.951058 seconds.
  path: Assets/Contents/Textures/Menu/Gameplay/CuoreFantasma.png
  artifactKey: Guid(c9950898a0328ac4cb5ef9042c62a293) Importer(815301076,1909f56bfc062723c751e8b465ee728b)
Start importing Assets/Contents/Textures/Menu/Gameplay/CuoreFantasma.png using Guid(c9950898a0328ac4cb5ef9042c62a293) Importer(815301076,1909f56bfc062723c751e8b465ee728b)  -> (artifact id: '272a860aa29ce2e7642d193ed18b6e16') in 0.077516 seconds
Number of updated asset objects reloaded before import = 0
Number of asset objects unloaded after import = 3
========================================================================
Received Import Request.
  Time since last request: 8.278820 seconds.
  path: Assets/Contents/Textures/Menu/Gameplay/CuoreVuoto.png
  artifactKey: Guid(1cddf54bfd12bec41b3113465974cc4c) Importer(815301076,1909f56bfc062723c751e8b465ee728b)
Start importing Assets/Contents/Textures/Menu/Gameplay/CuoreVuoto.png using Guid(1cddf54bfd12bec41b3113465974cc4c) Importer(815301076,1909f56bfc062723c751e8b465ee728b)  -> (artifact id: '9753f622bd0c389e46a817649830a6e9') in 0.031242 seconds
Number of updated asset objects reloaded before import = 0
Number of asset objects unloaded after import = 3
========================================================================
Received Import Request.
  Time since last request: 4.808836 seconds.
  path: Assets/Contents/Textures/Menu/Gameplay/CuorePieno.png
  artifactKey: Guid(cf7cdc70b52f8f54b82a86a5c5d0b3bf) Importer(815301076,1909f56bfc062723c751e8b465ee728b)
Start importing Assets/Contents/Textures/Menu/Gameplay/CuorePieno.png using Guid(cf7cdc70b52f8f54b82a86a5c5d0b3bf) Importer(815301076,1909f56bfc062723c751e8b465ee728b)  -> (artifact id: '558e05d9ffe1dc9583d93b8e3e72249d') in 0.052607 seconds
Number of updated asset objects reloaded before import = 0
Number of asset objects unloaded after import = 3
========================================================================
Received Import Request.
  Time since last request: 15.119057 seconds.
  path: Assets/Contents/TextMesh Pro/Resources/Fonts & Materials/LiberationSans SDF.asset
  artifactKey: Guid(8f586378b4e144a9851e7b34d9b748ee) Importer(815301076,1909f56bfc062723c751e8b465ee728b)
Start importing Assets/Contents/TextMesh Pro/Resources/Fonts & Materials/LiberationSans SDF.asset using Guid(8f586378b4e144a9851e7b34d9b748ee) Importer(815301076,1909f56bfc062723c751e8b465ee728b)  -> (artifact id: 'fd11bb5bc177a91891b4dfafc711bf07') in 0.079051 seconds
Number of updated asset objects reloaded before import = 0
Number of asset objects unloaded after import = 9
========================================================================
Received Import Request.
  Time since last request: 121.133566 seconds.
  path: Assets/Contents/Textures/Menu/Ale - Sfondo menu principale .jpg
  artifactKey: Guid(481c6e040eb537a4487d886ce3e552aa) Importer(815301076,1909f56bfc062723c751e8b465ee728b)
Start importing Assets/Contents/Textures/Menu/Ale - Sfondo menu principale .jpg using Guid(481c6e040eb537a4487d886ce3e552aa) Importer(815301076,1909f56bfc062723c751e8b465ee728b)  -> (artifact id: 'e38b91ade51563cc29cb71872ad6850b') in 0.040335 seconds
Number of updated asset objects reloaded before import = 0
Number of asset objects unloaded after import = 2
========================================================================
Received Import Request.
  Time since last request: 11.146051 seconds.
  path: Assets/Contents/Textures/Menu/Ale - Sfondo menu principale .jpg
  artifactKey: Guid(481c6e040eb537a4487d886ce3e552aa) Importer(815301076,1909f56bfc062723c751e8b465ee728b)
Start importing Assets/Contents/Textures/Menu/Ale - Sfondo menu principale .jpg using Guid(481c6e040eb537a4487d886ce3e552aa) Importer(815301076,1909f56bfc062723c751e8b465ee728b)  -> (artifact id: '0d06aacc0b298e8bf55b69b48010662f') in 0.096204 seconds
Number of updated asset objects reloaded before import = 0
Number of asset objects unloaded after import = 3
========================================================================
Received Import Request.
  Time since last request: 761.381773 seconds.
  path: Assets/Contents/Textures/Menu/principale-impostazioni-over.png
  artifactKey: Guid(c02daece7ba99b9409de918b60a08d56) Importer(815301076,1909f56bfc062723c751e8b465ee728b)
Start importing Assets/Contents/Textures/Menu/principale-impostazioni-over.png using Guid(c02daece7ba99b9409de918b60a08d56) Importer(815301076,1909f56bfc062723c751e8b465ee728b)  -> (artifact id: '712104e081300de115ac6eda995c5fd0') in 0.037436 seconds
Number of updated asset objects reloaded before import = 0
Number of asset objects unloaded after import = 2
========================================================================
Received Import Request.
  Time since last request: 5.118634 seconds.
  path: Assets/Contents/Textures/Menu/principale-impostazioni-over.png
  artifactKey: Guid(c02daece7ba99b9409de918b60a08d56) Importer(815301076,1909f56bfc062723c751e8b465ee728b)
Start importing Assets/Contents/Textures/Menu/principale-impostazioni-over.png using Guid(c02daece7ba99b9409de918b60a08d56) Importer(815301076,1909f56bfc062723c751e8b465ee728b)  -> (artifact id: '64c8d0ad1d6c399ac0ae930a15f815a3') in 0.150057 seconds
Number of updated asset objects reloaded before import = 0
Number of asset objects unloaded after import = 3
========================================================================
Received Import Request.
  Time since last request: 1325.000240 seconds.
  path: Assets/Contents/Textures/Menu/Opzioni-Click.png
  artifactKey: Guid(194fcd57ba5f59044bbea8ecdc165090) Importer(815301076,1909f56bfc062723c751e8b465ee728b)
Start importing Assets/Contents/Textures/Menu/Opzioni-Click.png using Guid(194fcd57ba5f59044bbea8ecdc165090) Importer(815301076,1909f56bfc062723c751e8b465ee728b)  -> (artifact id: '59a967b717ce14897a1582877b7fc42a') in 0.072717 seconds
Number of updated asset objects reloaded before import = 0
Number of asset objects unloaded after import = 2
========================================================================
Received Import Request.
  Time since last request: 7.118899 seconds.
  path: Assets/Contents/Textures/Menu/Opzioni-Click.png
  artifactKey: Guid(194fcd57ba5f59044bbea8ecdc165090) Importer(815301076,1909f56bfc062723c751e8b465ee728b)
Start importing Assets/Contents/Textures/Menu/Opzioni-Click.png using Guid(194fcd57ba5f59044bbea8ecdc165090) Importer(815301076,1909f56bfc062723c751e8b465ee728b)  -> (artifact id: 'd594a082f3e840522d45444311f7d0b3') in 0.085763 seconds
Number of updated asset objects reloaded before import = 0
Number of asset objects unloaded after import = 3
========================================================================
Received Import Request.
  Time since last request: 0.000271 seconds.
  path: Assets/Contents/Textures/Menu/Opzioni-Neutrale.png
  artifactKey: Guid(5567931f799a0ee429bae71d0fdb2892) Importer(815301076,1909f56bfc062723c751e8b465ee728b)
Start importing Assets/Contents/Textures/Menu/Opzioni-Neutrale.png using Guid(5567931f799a0ee429bae71d0fdb2892) Importer(815301076,1909f56bfc062723c751e8b465ee728b)  -> (artifact id: '187e22a1a5b91afaea90c2b8ebd86a50') in 0.036816 seconds
Number of updated asset objects reloaded before import = 0
Number of asset objects unloaded after import = 3
========================================================================
Received Prepare
Begin MonoManager ReloadAssembly
- Loaded All Assemblies, in  0.529 seconds
Refreshing native plugins compatible for Editor in 3.56 ms, found 3 plugins.
Native extension for WindowsStandalone target not found
[Package Manager] Server::EnsureServerProcessIsRunning -- launch failed, reason: Unity was launched with the -noUpm command-line argument
[Package Manager] UpmClient::Send -- Unable to send message (not connected to UPM process).
[Package Manager] Cannot connect to Unity Package Manager local server
Mono: successfully reloaded assembly
- Finished resetting the current domain, in  1.271 seconds
Domain Reload Profiling: 1798ms
	BeginReloadAssembly (169ms)
		ExecutionOrderSort (0ms)
		DisableScriptedObjects (5ms)
		BackupInstance (0ms)
		ReleaseScriptingObjects (0ms)
		CreateAndSetChildDomain (44ms)
	RebuildCommonClasses (34ms)
	RebuildNativeTypeToScriptingClass (11ms)
	initialDomainReloadingComplete (40ms)
	LoadAllAssembliesAndSetupDomain (272ms)
		LoadAssemblies (343ms)
		RebuildTransferFunctionScriptingTraits (0ms)
		AnalyzeDomain (15ms)
			TypeCache.Refresh (7ms)
				TypeCache.ScanAssembly (0ms)
			ScanForSourceGeneratedMonoScriptInfo (0ms)
			ResolveRequiredComponents (6ms)
	FinalizeReload (1272ms)
		ReleaseScriptCaches (0ms)
		RebuildScriptCaches (0ms)
		SetupLoadedEditorAssemblies (676ms)
			LogAssemblyErrors (0ms)
			InitializePlatformSupportModulesInManaged (7ms)
			SetLoadedEditorAssemblies (5ms)
			RefreshPlugins (0ms)
			BeforeProcessingInitializeOnLoad (115ms)
			ProcessInitializeOnLoadAttributes (519ms)
			ProcessInitializeOnLoadMethodAttributes (23ms)
			AfterProcessingInitializeOnLoad (7ms)
			EditorAssembliesLoaded (0ms)
		ExecutionOrderSort2 (0ms)
		AwakeInstancesAfterBackupRestoration (7ms)
Refreshing native plugins compatible for Editor in 3.56 ms, found 3 plugins.
Preloading 0 native plugins for Editor in 0.00 ms.
Unloading 3639 Unused Serialized files (Serialized files now loaded: 0)
Unloading 25 unused Assets / (103.0 KB). Loaded Objects now: 4336.
Memory consumption went from 158.4 MB to 158.3 MB.
Total: 4.524100 ms (FindLiveObjects: 0.263500 ms CreateObjectMapping: 0.193000 ms MarkObjects: 3.945400 ms  DeleteObjects: 0.117700 ms)

Prepare: number of updated asset objects reloaded= 0
AssetImportParameters requested are different than current active one (requested -> active):
  custom:container-demuxer-ogg: 62fdf1f143b41e24485cea50d1cbac27 -> 
  custom:video-codec-MediaFoundation-h265: 746d11721c4dcdbdad8f713fa42b33f4 -> 
  custom:video-decoder-ogg-theora: a1e56fd34408186e4bbccfd4996cb3dc -> 
  custom:framework-win-MediaFoundation: 216162199b28c13a410421893ffa2e32 -> 
  custom:CustomObjectIndexerAttribute: 756ad292c208cfabdd7b50bc23989ffe -> 
  custom:container-demuxer-webm: 4f35f7cbe854078d1ac9338744f61a02 -> 
  custom:container-muxer-webm: aa71ff27fc2769a1b78a27578f13a17b -> 
  custom:video-decoder-webm-vp8: 9c59270c3fd7afecdb556c50c9e8de78 -> 
  custom:SearchIndexIgnoredProperties: e643bd26f0fe6173181afceb89e7c659 -> 
  custom:AudioImporter_EditorPlatform: d09bf68614088b80899f8185d706f6e7 -> 
  custom:video-encoder-webm-vp8: eb34c28f22e8b96e1ab97ce403110664 -> 
  custom:audio-decoder-ogg-vorbis: bf7c407c2cedff20999df2af8eb42d56 -> 
  custom:audio-encoder-webm-vorbis: bf7c407c2cedff20999df2af8eb42d56 -> 
========================================================================
Received Import Request.
  Time since last request: 733.783315 seconds.
  path: Assets/Contents/Scripts/UI/UIMainMenu.cs
  artifactKey: Guid(8751b4924f1db074d88b2637f23de88c) Importer(815301076,1909f56bfc062723c751e8b465ee728b)
Start importing Assets/Contents/Scripts/UI/UIMainMenu.cs using Guid(8751b4924f1db074d88b2637f23de88c) Importer(815301076,1909f56bfc062723c751e8b465ee728b)  -> (artifact id: '8c70fe6c94b410f36db6355910276ab6') in 0.004739 seconds
Number of updated asset objects reloaded before import = 0
Number of asset objects unloaded after import = 0
========================================================================
Received Prepare
Begin MonoManager ReloadAssembly
- Loaded All Assemblies, in  0.872 seconds
Refreshing native plugins compatible for Editor in 6.58 ms, found 3 plugins.
Native extension for WindowsStandalone target not found
[Package Manager] Server::EnsureServerProcessIsRunning -- launch failed, reason: Unity was launched with the -noUpm command-line argument
[Package Manager] UpmClient::Send -- Unable to send message (not connected to UPM process).
[Package Manager] Cannot connect to Unity Package Manager local server
Mono: successfully reloaded assembly
- Finished resetting the current domain, in  1.867 seconds
Domain Reload Profiling: 2737ms
	BeginReloadAssembly (306ms)
		ExecutionOrderSort (0ms)
		DisableScriptedObjects (10ms)
		BackupInstance (0ms)
		ReleaseScriptingObjects (0ms)
		CreateAndSetChildDomain (72ms)
	RebuildCommonClasses (62ms)
	RebuildNativeTypeToScriptingClass (21ms)
	initialDomainReloadingComplete (56ms)
	LoadAllAssembliesAndSetupDomain (424ms)
		LoadAssemblies (537ms)
		RebuildTransferFunctionScriptingTraits (0ms)
		AnalyzeDomain (50ms)
			TypeCache.Refresh (14ms)
				TypeCache.ScanAssembly (1ms)
			ScanForSourceGeneratedMonoScriptInfo (23ms)
			ResolveRequiredComponents (10ms)
	FinalizeReload (1869ms)
		ReleaseScriptCaches (0ms)
		RebuildScriptCaches (0ms)
		SetupLoadedEditorAssemblies (1010ms)
			LogAssemblyErrors (0ms)
			InitializePlatformSupportModulesInManaged (13ms)
			SetLoadedEditorAssemblies (11ms)
			RefreshPlugins (0ms)
			BeforeProcessingInitializeOnLoad (177ms)
			ProcessInitializeOnLoadAttributes (752ms)
			ProcessInitializeOnLoadMethodAttributes (40ms)
			AfterProcessingInitializeOnLoad (16ms)
			EditorAssembliesLoaded (1ms)
		ExecutionOrderSort2 (0ms)
		AwakeInstancesAfterBackupRestoration (12ms)
Script is not up to date after domain reload: guid(8751b4924f1db074d88b2637f23de88c) path("Assets/Contents/Scripts/UI/UIMainMenu.cs") state(2)
Refreshing native plugins compatible for Editor in 4.97 ms, found 3 plugins.
Preloading 0 native plugins for Editor in 0.00 ms.
Unloading 3638 Unused Serialized files (Serialized files now loaded: 0)
Unloading 25 unused Assets / (103.0 KB). Loaded Objects now: 4350.
Memory consumption went from 160.3 MB to 160.2 MB.
Total: 5.663800 ms (FindLiveObjects: 0.417900 ms CreateObjectMapping: 0.236700 ms MarkObjects: 4.936400 ms  DeleteObjects: 0.070300 ms)

Prepare: number of updated asset objects reloaded= 0
AssetImportParameters requested are different than current active one (requested -> active):
  custom:container-demuxer-ogg: 62fdf1f143b41e24485cea50d1cbac27 -> 
  custom:video-codec-MediaFoundation-h265: 746d11721c4dcdbdad8f713fa42b33f4 -> 
  custom:video-decoder-ogg-theora: a1e56fd34408186e4bbccfd4996cb3dc -> 
  custom:framework-win-MediaFoundation: 216162199b28c13a410421893ffa2e32 -> 
  custom:CustomObjectIndexerAttribute: 756ad292c208cfabdd7b50bc23989ffe -> 
  custom:container-demuxer-webm: 4f35f7cbe854078d1ac9338744f61a02 -> 
  custom:container-muxer-webm: aa71ff27fc2769a1b78a27578f13a17b -> 
  custom:video-decoder-webm-vp8: 9c59270c3fd7afecdb556c50c9e8de78 -> 
  custom:SearchIndexIgnoredProperties: e643bd26f0fe6173181afceb89e7c659 -> 
  custom:AudioImporter_EditorPlatform: d09bf68614088b80899f8185d706f6e7 -> 
  custom:video-encoder-webm-vp8: eb34c28f22e8b96e1ab97ce403110664 -> 
  custom:audio-decoder-ogg-vorbis: bf7c407c2cedff20999df2af8eb42d56 -> 
  custom:audio-encoder-webm-vorbis: bf7c407c2cedff20999df2af8eb42d56 -> 
========================================================================
Received Prepare
Begin MonoManager ReloadAssembly
- Loaded All Assemblies, in  0.674 seconds
Refreshing native plugins compatible for Editor in 4.02 ms, found 3 plugins.
Native extension for WindowsStandalone target not found
[Package Manager] Server::EnsureServerProcessIsRunning -- launch failed, reason: Unity was launched with the -noUpm command-line argument
[Package Manager] UpmClient::Send -- Unable to send message (not connected to UPM process).
[Package Manager] Cannot connect to Unity Package Manager local server
Mono: successfully reloaded assembly
- Finished resetting the current domain, in  1.236 seconds
Domain Reload Profiling: 1906ms
	BeginReloadAssembly (208ms)
		ExecutionOrderSort (0ms)
		DisableScriptedObjects (7ms)
		BackupInstance (0ms)
		ReleaseScriptingObjects (0ms)
		CreateAndSetChildDomain (46ms)
	RebuildCommonClasses (33ms)
	RebuildNativeTypeToScriptingClass (11ms)
	initialDomainReloadingComplete (42ms)
	LoadAllAssembliesAndSetupDomain (375ms)
		LoadAssemblies (451ms)
		RebuildTransferFunctionScriptingTraits (0ms)
		AnalyzeDomain (36ms)
			TypeCache.Refresh (13ms)
				TypeCache.ScanAssembly (0ms)
			ScanForSourceGeneratedMonoScriptInfo (16ms)
			ResolveRequiredComponents (6ms)
	FinalizeReload (1236ms)
		ReleaseScriptCaches (0ms)
		RebuildScriptCaches (0ms)
		SetupLoadedEditorAssemblies (608ms)
			LogAssemblyErrors (0ms)
			InitializePlatformSupportModulesInManaged (9ms)
			SetLoadedEditorAssemblies (6ms)
			RefreshPlugins (0ms)
			BeforeProcessingInitializeOnLoad (120ms)
			ProcessInitializeOnLoadAttributes (438ms)
			ProcessInitializeOnLoadMethodAttributes (26ms)
			AfterProcessingInitializeOnLoad (8ms)
			EditorAssembliesLoaded (0ms)
		ExecutionOrderSort2 (0ms)
		AwakeInstancesAfterBackupRestoration (7ms)
Refreshing native plugins compatible for Editor in 3.40 ms, found 3 plugins.
Preloading 0 native plugins for Editor in 0.00 ms.
Unloading 3640 Unused Serialized files (Serialized files now loaded: 0)
Unloading 25 unused Assets / (103.0 KB). Loaded Objects now: 4366.
Memory consumption went from 162.5 MB to 162.4 MB.
Total: 3.615500 ms (FindLiveObjects: 0.337800 ms CreateObjectMapping: 0.176000 ms MarkObjects: 3.023400 ms  DeleteObjects: 0.076500 ms)

Prepare: number of updated asset objects reloaded= 0
AssetImportParameters requested are different than current active one (requested -> active):
  custom:container-demuxer-ogg: 62fdf1f143b41e24485cea50d1cbac27 -> 
  custom:video-codec-MediaFoundation-h265: 746d11721c4dcdbdad8f713fa42b33f4 -> 
  custom:video-decoder-ogg-theora: a1e56fd34408186e4bbccfd4996cb3dc -> 
  custom:framework-win-MediaFoundation: 216162199b28c13a410421893ffa2e32 -> 
  custom:CustomObjectIndexerAttribute: 756ad292c208cfabdd7b50bc23989ffe -> 
  custom:container-demuxer-webm: 4f35f7cbe854078d1ac9338744f61a02 -> 
  custom:container-muxer-webm: aa71ff27fc2769a1b78a27578f13a17b -> 
  custom:video-decoder-webm-vp8: 9c59270c3fd7afecdb556c50c9e8de78 -> 
  custom:SearchIndexIgnoredProperties: e643bd26f0fe6173181afceb89e7c659 -> 
  custom:AudioImporter_EditorPlatform: d09bf68614088b80899f8185d706f6e7 -> 
  custom:video-encoder-webm-vp8: eb34c28f22e8b96e1ab97ce403110664 -> 
  custom:audio-decoder-ogg-vorbis: bf7c407c2cedff20999df2af8eb42d56 -> 
  custom:audio-encoder-webm-vorbis: bf7c407c2cedff20999df2af8eb42d56 -> 
========================================================================
Received Import Request.
  Time since last request: 30.839714 seconds.
  path: Assets/Contents/Scripts/UI/UIMainMenu.cs
  artifactKey: Guid(8751b4924f1db074d88b2637f23de88c) Importer(815301076,1909f56bfc062723c751e8b465ee728b)
Start importing Assets/Contents/Scripts/UI/UIMainMenu.cs using Guid(8751b4924f1db074d88b2637f23de88c) Importer(815301076,1909f56bfc062723c751e8b465ee728b)  -> (artifact id: '3fcd1ce9d9ad6e63096dc5fc701baa0b') in 0.004733 seconds
Number of updated asset objects reloaded before import = 0
Number of asset objects unloaded after import = 0
========================================================================
Received Import Request.
  Time since last request: 334.493629 seconds.
  path: Assets/Contents/Scripts/Managers/GameStatesManager.cs
  artifactKey: Guid(374297f8ccfed184ea8c5e438e7e6f78) Importer(815301076,1909f56bfc062723c751e8b465ee728b)
Start importing Assets/Contents/Scripts/Managers/GameStatesManager.cs using Guid(374297f8ccfed184ea8c5e438e7e6f78) Importer(815301076,1909f56bfc062723c751e8b465ee728b)  -> (artifact id: 'ff3dfe64ff886a228fe9622f9890b838') in 0.002219 seconds
Number of updated asset objects reloaded before import = 0
Number of asset objects unloaded after import = 0
========================================================================
Received Import Request.
  Time since last request: 92.155295 seconds.
  path: Assets/Contents/Scripts/UI/IGameUI.cs
  artifactKey: Guid(d5434423e07c16d42a7e40178f58736c) Importer(815301076,1909f56bfc062723c751e8b465ee728b)
Start importing Assets/Contents/Scripts/UI/IGameUI.cs using Guid(d5434423e07c16d42a7e40178f58736c) Importer(815301076,1909f56bfc062723c751e8b465ee728b)  -> (artifact id: '463238f402d5159ed3b5c8569b2dd859') in 0.001379 seconds
Number of updated asset objects reloaded before import = 0
Number of asset objects unloaded after import = 0
========================================================================
Received Import Request.
  Time since last request: 317.182459 seconds.
  path: Assets/Contents/Scripts/Managers/GameStatesManager.cs
  artifactKey: Guid(374297f8ccfed184ea8c5e438e7e6f78) Importer(815301076,1909f56bfc062723c751e8b465ee728b)
Start importing Assets/Contents/Scripts/Managers/GameStatesManager.cs using Guid(374297f8ccfed184ea8c5e438e7e6f78) Importer(815301076,1909f56bfc062723c751e8b465ee728b)  -> (artifact id: '121a75923e24cc187168d3453ef3ac51') in 0.001147 seconds
Number of updated asset objects reloaded before import = 0
Number of asset objects unloaded after import = 0
========================================================================
Received Import Request.
  Time since last request: 32.865721 seconds.
  path: Assets/Contents/Scripts/GameStates/IGameStates.cs
  artifactKey: Guid(c4e3a7aeac378fa45ac7c82a15a729f0) Importer(815301076,1909f56bfc062723c751e8b465ee728b)
Start importing Assets/Contents/Scripts/GameStates/IGameStates.cs using Guid(c4e3a7aeac378fa45ac7c82a15a729f0) Importer(815301076,1909f56bfc062723c751e8b465ee728b)  -> (artifact id: 'cb0a6650c6afc49960a40775fb1c5109') in 0.000981 seconds
Number of updated asset objects reloaded before import = 0
Number of asset objects unloaded after import = 0
========================================================================
Received Prepare
Begin MonoManager ReloadAssembly
- Loaded All Assemblies, in  0.609 seconds
Refreshing native plugins compatible for Editor in 4.54 ms, found 3 plugins.
Native extension for WindowsStandalone target not found
[Package Manager] Server::EnsureServerProcessIsRunning -- launch failed, reason: Unity was launched with the -noUpm command-line argument
[Package Manager] UpmClient::Send -- Unable to send message (not connected to UPM process).
[Package Manager] Cannot connect to Unity Package Manager local server
Mono: successfully reloaded assembly
- Finished resetting the current domain, in  1.168 seconds
Domain Reload Profiling: 1774ms
	BeginReloadAssembly (199ms)
		ExecutionOrderSort (0ms)
		DisableScriptedObjects (6ms)
		BackupInstance (0ms)
		ReleaseScriptingObjects (0ms)
		CreateAndSetChildDomain (43ms)
	RebuildCommonClasses (43ms)
	RebuildNativeTypeToScriptingClass (12ms)
	initialDomainReloadingComplete (35ms)
	LoadAllAssembliesAndSetupDomain (316ms)
		LoadAssemblies (387ms)
		RebuildTransferFunctionScriptingTraits (0ms)
		AnalyzeDomain (38ms)
			TypeCache.Refresh (11ms)
				TypeCache.ScanAssembly (1ms)
			ScanForSourceGeneratedMonoScriptInfo (17ms)
			ResolveRequiredComponents (7ms)
	FinalizeReload (1169ms)
		ReleaseScriptCaches (0ms)
		RebuildScriptCaches (0ms)
		SetupLoadedEditorAssemblies (609ms)
			LogAssemblyErrors (0ms)
			InitializePlatformSupportModulesInManaged (9ms)
			SetLoadedEditorAssemblies (7ms)
			RefreshPlugins (0ms)
			BeforeProcessingInitializeOnLoad (140ms)
			ProcessInitializeOnLoadAttributes (424ms)
			ProcessInitializeOnLoadMethodAttributes (22ms)
			AfterProcessingInitializeOnLoad (7ms)
			EditorAssembliesLoaded (0ms)
		ExecutionOrderSort2 (0ms)
		AwakeInstancesAfterBackupRestoration (7ms)
Refreshing native plugins compatible for Editor in 3.73 ms, found 3 plugins.
Preloading 0 native plugins for Editor in 0.00 ms.
Unloading 3640 Unused Serialized files (Serialized files now loaded: 0)
Unloading 25 unused Assets / (103.1 KB). Loaded Objects now: 4382.
Memory consumption went from 164.3 MB to 164.2 MB.
Total: 4.038300 ms (FindLiveObjects: 0.292200 ms CreateObjectMapping: 0.129300 ms MarkObjects: 3.492300 ms  DeleteObjects: 0.120100 ms)

Prepare: number of updated asset objects reloaded= 0
AssetImportParameters requested are different than current active one (requested -> active):
  custom:container-demuxer-ogg: 62fdf1f143b41e24485cea50d1cbac27 -> 
  custom:video-codec-MediaFoundation-h265: 746d11721c4dcdbdad8f713fa42b33f4 -> 
  custom:video-decoder-ogg-theora: a1e56fd34408186e4bbccfd4996cb3dc -> 
  custom:framework-win-MediaFoundation: 216162199b28c13a410421893ffa2e32 -> 
  custom:CustomObjectIndexerAttribute: 756ad292c208cfabdd7b50bc23989ffe -> 
  custom:container-demuxer-webm: 4f35f7cbe854078d1ac9338744f61a02 -> 
  custom:container-muxer-webm: aa71ff27fc2769a1b78a27578f13a17b -> 
  custom:video-decoder-webm-vp8: 9c59270c3fd7afecdb556c50c9e8de78 -> 
  custom:SearchIndexIgnoredProperties: e643bd26f0fe6173181afceb89e7c659 -> 
  custom:AudioImporter_EditorPlatform: d09bf68614088b80899f8185d706f6e7 -> 
  custom:video-encoder-webm-vp8: eb34c28f22e8b96e1ab97ce403110664 -> 
  custom:audio-decoder-ogg-vorbis: bf7c407c2cedff20999df2af8eb42d56 -> 
  custom:audio-encoder-webm-vorbis: bf7c407c2cedff20999df2af8eb42d56 -> 
========================================================================
Received Prepare
Begin MonoManager ReloadAssembly
- Loaded All Assemblies, in  0.506 seconds
Refreshing native plugins compatible for Editor in 3.45 ms, found 3 plugins.
Native extension for WindowsStandalone target not found
[Package Manager] Server::EnsureServerProcessIsRunning -- launch failed, reason: Unity was launched with the -noUpm command-line argument
[Package Manager] UpmClient::Send -- Unable to send message (not connected to UPM process).
[Package Manager] Cannot connect to Unity Package Manager local server
Mono: successfully reloaded assembly
- Finished resetting the current domain, in  1.060 seconds
Domain Reload Profiling: 1564ms
	BeginReloadAssembly (156ms)
		ExecutionOrderSort (0ms)
		DisableScriptedObjects (5ms)
		BackupInstance (0ms)
		ReleaseScriptingObjects (0ms)
		CreateAndSetChildDomain (35ms)
	RebuildCommonClasses (55ms)
	RebuildNativeTypeToScriptingClass (13ms)
	initialDomainReloadingComplete (28ms)
	LoadAllAssembliesAndSetupDomain (251ms)
		LoadAssemblies (320ms)
		RebuildTransferFunctionScriptingTraits (0ms)
		AnalyzeDomain (13ms)
			TypeCache.Refresh (6ms)
				TypeCache.ScanAssembly (0ms)
			ScanForSourceGeneratedMonoScriptInfo (0ms)
			ResolveRequiredComponents (6ms)
	FinalizeReload (1061ms)
		ReleaseScriptCaches (0ms)
		RebuildScriptCaches (0ms)
		SetupLoadedEditorAssemblies (554ms)
			LogAssemblyErrors (0ms)
			InitializePlatformSupportModulesInManaged (7ms)
			SetLoadedEditorAssemblies (4ms)
			RefreshPlugins (0ms)
			BeforeProcessingInitializeOnLoad (97ms)
			ProcessInitializeOnLoadAttributes (420ms)
			ProcessInitializeOnLoadMethodAttributes (19ms)
			AfterProcessingInitializeOnLoad (7ms)
			EditorAssembliesLoaded (0ms)
		ExecutionOrderSort2 (0ms)
		AwakeInstancesAfterBackupRestoration (6ms)
Refreshing native plugins compatible for Editor in 2.82 ms, found 3 plugins.
Preloading 0 native plugins for Editor in 0.00 ms.
Unloading 3641 Unused Serialized files (Serialized files now loaded: 0)
Unloading 25 unused Assets / (103.1 KB). Loaded Objects now: 4397.
Memory consumption went from 166.5 MB to 166.4 MB.
Total: 3.270000 ms (FindLiveObjects: 0.231000 ms CreateObjectMapping: 0.115900 ms MarkObjects: 2.862500 ms  DeleteObjects: 0.059500 ms)

Prepare: number of updated asset objects reloaded= 0
AssetImportParameters requested are different than current active one (requested -> active):
  custom:container-demuxer-ogg: 62fdf1f143b41e24485cea50d1cbac27 -> 
  custom:video-codec-MediaFoundation-h265: 746d11721c4dcdbdad8f713fa42b33f4 -> 
  custom:video-decoder-ogg-theora: a1e56fd34408186e4bbccfd4996cb3dc -> 
  custom:framework-win-MediaFoundation: 216162199b28c13a410421893ffa2e32 -> 
  custom:CustomObjectIndexerAttribute: 756ad292c208cfabdd7b50bc23989ffe -> 
  custom:container-demuxer-webm: 4f35f7cbe854078d1ac9338744f61a02 -> 
  custom:container-muxer-webm: aa71ff27fc2769a1b78a27578f13a17b -> 
  custom:video-decoder-webm-vp8: 9c59270c3fd7afecdb556c50c9e8de78 -> 
  custom:SearchIndexIgnoredProperties: e643bd26f0fe6173181afceb89e7c659 -> 
  custom:AudioImporter_EditorPlatform: d09bf68614088b80899f8185d706f6e7 -> 
  custom:video-encoder-webm-vp8: eb34c28f22e8b96e1ab97ce403110664 -> 
  custom:audio-decoder-ogg-vorbis: bf7c407c2cedff20999df2af8eb42d56 -> 
  custom:audio-encoder-webm-vorbis: bf7c407c2cedff20999df2af8eb42d56 -> 
========================================================================
Received Prepare
Begin MonoManager ReloadAssembly
- Loaded All Assemblies, in  0.462 seconds
Refreshing native plugins compatible for Editor in 3.03 ms, found 3 plugins.
Native extension for WindowsStandalone target not found
[Package Manager] Server::EnsureServerProcessIsRunning -- launch failed, reason: Unity was launched with the -noUpm command-line argument
[Package Manager] UpmClient::Send -- Unable to send message (not connected to UPM process).
[Package Manager] Cannot connect to Unity Package Manager local server
Mono: successfully reloaded assembly
- Finished resetting the current domain, in  1.209 seconds
Domain Reload Profiling: 1668ms
	BeginReloadAssembly (152ms)
		ExecutionOrderSort (0ms)
		DisableScriptedObjects (5ms)
		BackupInstance (0ms)
		ReleaseScriptingObjects (0ms)
		CreateAndSetChildDomain (33ms)
	RebuildCommonClasses (32ms)
	RebuildNativeTypeToScriptingClass (10ms)
	initialDomainReloadingComplete (28ms)
	LoadAllAssembliesAndSetupDomain (237ms)
		LoadAssemblies (304ms)
		RebuildTransferFunctionScriptingTraits (0ms)
		AnalyzeDomain (13ms)
			TypeCache.Refresh (6ms)
				TypeCache.ScanAssembly (0ms)
			ScanForSourceGeneratedMonoScriptInfo (0ms)
			ResolveRequiredComponents (6ms)
	FinalizeReload (1210ms)
		ReleaseScriptCaches (0ms)
		RebuildScriptCaches (0ms)
		SetupLoadedEditorAssemblies (697ms)
			LogAssemblyErrors (0ms)
			InitializePlatformSupportModulesInManaged (7ms)
			SetLoadedEditorAssemblies (5ms)
			RefreshPlugins (0ms)
			BeforeProcessingInitializeOnLoad (116ms)
			ProcessInitializeOnLoadAttributes (533ms)
			ProcessInitializeOnLoadMethodAttributes (27ms)
			AfterProcessingInitializeOnLoad (7ms)
			EditorAssembliesLoaded (0ms)
		ExecutionOrderSort2 (0ms)
		AwakeInstancesAfterBackupRestoration (7ms)
Refreshing native plugins compatible for Editor in 3.23 ms, found 3 plugins.
Preloading 0 native plugins for Editor in 0.00 ms.
Unloading 3641 Unused Serialized files (Serialized files now loaded: 0)
Unloading 25 unused Assets / (103.1 KB). Loaded Objects now: 4412.
Memory consumption went from 168.4 MB to 168.3 MB.
Total: 4.360800 ms (FindLiveObjects: 0.286600 ms CreateObjectMapping: 0.115700 ms MarkObjects: 3.872700 ms  DeleteObjects: 0.084200 ms)

Prepare: number of updated asset objects reloaded= 0
AssetImportParameters requested are different than current active one (requested -> active):
  custom:container-demuxer-ogg: 62fdf1f143b41e24485cea50d1cbac27 -> 
  custom:video-codec-MediaFoundation-h265: 746d11721c4dcdbdad8f713fa42b33f4 -> 
  custom:video-decoder-ogg-theora: a1e56fd34408186e4bbccfd4996cb3dc -> 
  custom:framework-win-MediaFoundation: 216162199b28c13a410421893ffa2e32 -> 
  custom:CustomObjectIndexerAttribute: 756ad292c208cfabdd7b50bc23989ffe -> 
  custom:container-demuxer-webm: 4f35f7cbe854078d1ac9338744f61a02 -> 
  custom:container-muxer-webm: aa71ff27fc2769a1b78a27578f13a17b -> 
  custom:video-decoder-webm-vp8: 9c59270c3fd7afecdb556c50c9e8de78 -> 
  custom:SearchIndexIgnoredProperties: e643bd26f0fe6173181afceb89e7c659 -> 
  custom:AudioImporter_EditorPlatform: d09bf68614088b80899f8185d706f6e7 -> 
  custom:video-encoder-webm-vp8: eb34c28f22e8b96e1ab97ce403110664 -> 
  custom:audio-decoder-ogg-vorbis: bf7c407c2cedff20999df2af8eb42d56 -> 
  custom:audio-encoder-webm-vorbis: bf7c407c2cedff20999df2af8eb42d56 -> 
========================================================================
Received Import Request.
  Time since last request: 1302.781518 seconds.
  path: Assets/Contents/Prefabs/Prefab_powerup.prefab
  artifactKey: Guid(15d4edfd0f2fd5f4cb288df2897e351d) Importer(815301076,1909f56bfc062723c751e8b465ee728b)
Start importing Assets/Contents/Prefabs/Prefab_powerup.prefab using Guid(15d4edfd0f2fd5f4cb288df2897e351d) Importer(815301076,1909f56bfc062723c751e8b465ee728b)  -> (artifact id: '6373b52f3f7d2e011b226f5f719890ce') in 0.149288 seconds
Number of updated asset objects reloaded before import = 0
Number of asset objects unloaded after import = 18
========================================================================
Received Import Request.
  Time since last request: 195.691934 seconds.
  path: Assets/Contents/Scenes/3DScene.unity
  artifactKey: Guid(99f7f407d475bc843a2e3eaf696c3402) Importer(815301076,1909f56bfc062723c751e8b465ee728b)
Start importing Assets/Contents/Scenes/3DScene.unity using Guid(99f7f407d475bc843a2e3eaf696c3402) Importer(815301076,1909f56bfc062723c751e8b465ee728b)  -> (artifact id: '4f49700eee029402f8859496f5bdc1d4') in 0.000953 seconds
Number of updated asset objects reloaded before import = 0
Number of asset objects unloaded after import = 0
========================================================================
Received Import Request.
  Time since last request: 6.143958 seconds.
  path: Assets/Contents/Scripts/TEST/TEST_Floor.mat
  artifactKey: Guid(425e12786175e854a9b07a6e5a26ea02) Importer(815301076,1909f56bfc062723c751e8b465ee728b)
Start importing Assets/Contents/Scripts/TEST/TEST_Floor.mat using Guid(425e12786175e854a9b07a6e5a26ea02) Importer(815301076,1909f56bfc062723c751e8b465ee728b)  -> (artifact id: 'c7603897b31ef8b573bf1315eb2ea7d3') in 0.034485 seconds
Number of updated asset objects reloaded before import = 0
Number of asset objects unloaded after import = 1
========================================================================
Received Import Request.
  Time since last request: 41.257314 seconds.
  path: Assets/Contents/Materials/PowerUP_material/PowerUP_material.mat
  artifactKey: Guid(75334f06e6caa6542a1ae74df7acb45f) Importer(815301076,1909f56bfc062723c751e8b465ee728b)
Start importing Assets/Contents/Materials/PowerUP_material/PowerUP_material.mat using Guid(75334f06e6caa6542a1ae74df7acb45f) Importer(815301076,1909f56bfc062723c751e8b465ee728b)  -> (artifact id: 'dee8ec38a7e17ecce79184cf6a462f39') in 0.026526 seconds
Number of updated asset objects reloaded before import = 0
Number of asset objects unloaded after import = 1
